{"total": {"lines":{"total":418,"covered":152,"skipped":0,"pct":36.36},"statements":{"total":438,"covered":156,"skipped":0,"pct":35.61},"functions":{"total":119,"covered":31,"skipped":0,"pct":26.05},"branches":{"total":173,"covered":41,"skipped":0,"pct":23.69},"branchesTrue":{"total":0,"covered":0,"skipped":0,"pct":100}}
,"/Users/samynalbandian/projects/perso/CatchUp/components/index.ts": {"lines":{"total":0,"covered":0,"skipped":0,"pct":100},"functions":{"total":0,"covered":0,"skipped":0,"pct":100},"statements":{"total":0,"covered":0,"skipped":0,"pct":100},"branches":{"total":0,"covered":0,"skipped":0,"pct":100}}
,"/Users/samynalbandian/projects/perso/CatchUp/components/atoms/DateDayBox.tsx": {"lines":{"total":13,"covered":7,"skipped":0,"pct":53.84},"functions":{"total":2,"covered":2,"skipped":0,"pct":100},"statements":{"total":13,"covered":7,"skipped":0,"pct":53.84},"branches":{"total":7,"covered":1,"skipped":0,"pct":14.28}}
,"/Users/samynalbandian/projects/perso/CatchUp/components/atoms/PrimaryButton.tsx": {"lines":{"total":7,"covered":7,"skipped":0,"pct":100},"functions":{"total":3,"covered":3,"skipped":0,"pct":100},"statements":{"total":7,"covered":7,"skipped":0,"pct":100},"branches":{"total":4,"covered":3,"skipped":0,"pct":75}}
,"/Users/samynalbandian/projects/perso/CatchUp/components/atoms/ThemedText.tsx": {"lines":{"total":6,"covered":6,"skipped":0,"pct":100},"functions":{"total":2,"covered":2,"skipped":0,"pct":100},"statements":{"total":6,"covered":6,"skipped":0,"pct":100},"branches":{"total":21,"covered":13,"skipped":0,"pct":61.9}}
,"/Users/samynalbandian/projects/perso/CatchUp/components/molecules/FriendLine.tsx": {"lines":{"total":36,"covered":29,"skipped":0,"pct":80.55},"functions":{"total":10,"covered":9,"skipped":0,"pct":90},"statements":{"total":37,"covered":30,"skipped":0,"pct":81.08},"branches":{"total":20,"covered":12,"skipped":0,"pct":60}}
,"/Users/samynalbandian/projects/perso/CatchUp/components/molecules/InitialImage.tsx": {"lines":{"total":8,"covered":8,"skipped":0,"pct":100},"functions":{"total":2,"covered":2,"skipped":0,"pct":100},"statements":{"total":8,"covered":8,"skipped":0,"pct":100},"branches":{"total":5,"covered":2,"skipped":0,"pct":40}}
,"/Users/samynalbandian/projects/perso/CatchUp/constants/DateUtils.ts": {"lines":{"total":41,"covered":10,"skipped":0,"pct":24.39},"functions":{"total":6,"covered":0,"skipped":0,"pct":0},"statements":{"total":41,"covered":10,"skipped":0,"pct":24.39},"branches":{"total":22,"covered":0,"skipped":0,"pct":0}}
,"/Users/samynalbandian/projects/perso/CatchUp/constants/design/Colors.ts": {"lines":{"total":2,"covered":2,"skipped":0,"pct":100},"functions":{"total":0,"covered":0,"skipped":0,"pct":100},"statements":{"total":2,"covered":2,"skipped":0,"pct":100},"branches":{"total":0,"covered":0,"skipped":0,"pct":100}}
,"/Users/samynalbandian/projects/perso/CatchUp/constants/design/Sizes.ts": {"lines":{"total":7,"covered":7,"skipped":0,"pct":100},"functions":{"total":0,"covered":0,"skipped":0,"pct":100},"statements":{"total":7,"covered":7,"skipped":0,"pct":100},"branches":{"total":0,"covered":0,"skipped":0,"pct":100}}
,"/Users/samynalbandian/projects/perso/CatchUp/constants/design/index.ts": {"lines":{"total":0,"covered":0,"skipped":0,"pct":100},"functions":{"total":0,"covered":0,"skipped":0,"pct":100},"statements":{"total":0,"covered":0,"skipped":0,"pct":100},"branches":{"total":0,"covered":0,"skipped":0,"pct":100}}
,"/Users/samynalbandian/projects/perso/CatchUp/contexts/CheckIns.context.tsx": {"lines":{"total":51,"covered":3,"skipped":0,"pct":5.88},"functions":{"total":10,"covered":0,"skipped":0,"pct":0},"statements":{"total":52,"covered":3,"skipped":0,"pct":5.76},"branches":{"total":10,"covered":0,"skipped":0,"pct":0}}
,"/Users/samynalbandian/projects/perso/CatchUp/contexts/Contact.context.tsx": {"lines":{"total":32,"covered":3,"skipped":0,"pct":9.37},"functions":{"total":7,"covered":0,"skipped":0,"pct":0},"statements":{"total":33,"covered":3,"skipped":0,"pct":9.09},"branches":{"total":2,"covered":0,"skipped":0,"pct":0}}
,"/Users/samynalbandian/projects/perso/CatchUp/hooks/useColorScheme.ts": {"lines":{"total":5,"covered":5,"skipped":0,"pct":100},"functions":{"total":1,"covered":1,"skipped":0,"pct":100},"statements":{"total":5,"covered":5,"skipped":0,"pct":100},"branches":{"total":2,"covered":1,"skipped":0,"pct":50}}
,"/Users/samynalbandian/projects/perso/CatchUp/hooks/useNotificatons.ts": {"lines":{"total":41,"covered":14,"skipped":0,"pct":34.14},"functions":{"total":8,"covered":2,"skipped":0,"pct":25},"statements":{"total":41,"covered":14,"skipped":0,"pct":34.14},"branches":{"total":8,"covered":0,"skipped":0,"pct":0}}
,"/Users/samynalbandian/projects/perso/CatchUp/hooks/useThemeColor.ts": {"lines":{"total":5,"covered":4,"skipped":0,"pct":80},"functions":{"total":1,"covered":1,"skipped":0,"pct":100},"statements":{"total":5,"covered":4,"skipped":0,"pct":80},"branches":{"total":3,"covered":1,"skipped":0,"pct":33.33}}
,"/Users/samynalbandian/projects/perso/CatchUp/repositories/index.ts": {"lines":{"total":0,"covered":0,"skipped":0,"pct":100},"functions":{"total":0,"covered":0,"skipped":0,"pct":100},"statements":{"total":0,"covered":0,"skipped":0,"pct":100},"branches":{"total":0,"covered":0,"skipped":0,"pct":100}}
,"/Users/samynalbandian/projects/perso/CatchUp/repositories/check-ins/CheckInEntity.ts": {"lines":{"total":0,"covered":0,"skipped":0,"pct":100},"functions":{"total":0,"covered":0,"skipped":0,"pct":100},"statements":{"total":0,"covered":0,"skipped":0,"pct":100},"branches":{"total":0,"covered":0,"skipped":0,"pct":100}}
,"/Users/samynalbandian/projects/perso/CatchUp/repositories/check-ins/CheckIns.repository.ts": {"lines":{"total":21,"covered":3,"skipped":0,"pct":14.28},"functions":{"total":8,"covered":0,"skipped":0,"pct":0},"statements":{"total":21,"covered":3,"skipped":0,"pct":14.28},"branches":{"total":14,"covered":0,"skipped":0,"pct":0}}
,"/Users/samynalbandian/projects/perso/CatchUp/repositories/contacts/ContactEntity.ts": {"lines":{"total":4,"covered":1,"skipped":0,"pct":25},"functions":{"total":1,"covered":0,"skipped":0,"pct":0},"statements":{"total":4,"covered":1,"skipped":0,"pct":25},"branches":{"total":2,"covered":0,"skipped":0,"pct":0}}
,"/Users/samynalbandian/projects/perso/CatchUp/repositories/contacts/Contacts.repository.ts": {"lines":{"total":31,"covered":3,"skipped":0,"pct":9.67},"functions":{"total":7,"covered":0,"skipped":0,"pct":0},"statements":{"total":31,"covered":3,"skipped":0,"pct":9.67},"branches":{"total":12,"covered":0,"skipped":0,"pct":0}}
,"/Users/samynalbandian/projects/perso/CatchUp/repositories/contacts/ReminderFrequency.ts": {"lines":{"total":45,"covered":21,"skipped":0,"pct":46.66},"functions":{"total":6,"covered":3,"skipped":0,"pct":50},"statements":{"total":45,"covered":21,"skipped":0,"pct":46.66},"branches":{"total":23,"covered":8,"skipped":0,"pct":34.78}}
,"/Users/samynalbandian/projects/perso/CatchUp/repositories/notifications/Notification.repository.ts": {"lines":{"total":21,"covered":3,"skipped":0,"pct":14.28},"functions":{"total":7,"covered":2,"skipped":0,"pct":28.57},"statements":{"total":21,"covered":3,"skipped":0,"pct":14.28},"branches":{"total":14,"covered":0,"skipped":0,"pct":0}}
,"/Users/samynalbandian/projects/perso/CatchUp/services/log.service.ts": {"lines":{"total":1,"covered":1,"skipped":0,"pct":100},"functions":{"total":0,"covered":0,"skipped":0,"pct":100},"statements":{"total":1,"covered":1,"skipped":0,"pct":100},"branches":{"total":0,"covered":0,"skipped":0,"pct":100}}
,"/Users/samynalbandian/projects/perso/CatchUp/store/CheckinNote.store.ts": {"lines":{"total":34,"covered":13,"skipped":0,"pct":38.23},"functions":{"total":31,"covered":3,"skipped":0,"pct":9.67},"statements":{"total":49,"covered":15,"skipped":0,"pct":30.61},"branches":{"total":0,"covered":0,"skipped":0,"pct":100}}
,"/Users/samynalbandian/projects/perso/CatchUp/store/NewFriend.store.ts": {"lines":{"total":7,"covered":2,"skipped":0,"pct":28.57},"functions":{"total":7,"covered":1,"skipped":0,"pct":14.28},"statements":{"total":9,"covered":3,"skipped":0,"pct":33.33},"branches":{"total":4,"covered":0,"skipped":0,"pct":0}}
}
