{"/Users/samynalbandian/projects/perso/CatchUp/components/index.ts": {"path":"/Users/samynalbandian/projects/perso/CatchUp/components/index.ts","statementMap":{},"fnMap":{},"branchMap":{},"s":{},"f":{},"b":{},"_coverageSchema":"1a1c01bbd47fc00a2c39e90264f33305004495a9","hash":"28989e387fb8975450b91486c576f1f467bf6d4b"}
,"/Users/samynalbandian/projects/perso/CatchUp/components/atoms/DateDayBox.tsx": {"path":"/Users/samynalbandian/projects/perso/CatchUp/components/atoms/DateDayBox.tsx","statementMap":{"0":{"start":{"line":7,"column":23},"end":{"line":24,"column":1}},"1":{"start":{"line":8,"column":2},"end":{"line":23,"column":3}},"2":{"start":{"line":10,"column":6},"end":{"line":10,"column":22}},"3":{"start":{"line":12,"column":6},"end":{"line":12,"column":22}},"4":{"start":{"line":14,"column":6},"end":{"line":14,"column":23}},"5":{"start":{"line":16,"column":6},"end":{"line":16,"column":25}},"6":{"start":{"line":18,"column":6},"end":{"line":18,"column":24}},"7":{"start":{"line":20,"column":6},"end":{"line":20,"column":22}},"8":{"start":{"line":22,"column":6},"end":{"line":22,"column":24}},"9":{"start":{"line":26,"column":26},"end":{"line":64,"column":1}},"10":{"start":{"line":27,"column":18},"end":{"line":27,"column":78}},"11":{"start":{"line":28,"column":16},"end":{"line":28,"column":41}},"12":{"start":{"line":29,"column":2},"end":{"line":63,"column":4}}},"fnMap":{"0":{"name":"(anonymous_0)","decl":{"start":{"line":7,"column":23},"end":{"line":7,"column":24}},"loc":{"start":{"line":7,"column":40},"end":{"line":24,"column":1}},"line":7},"1":{"name":"(anonymous_1)","decl":{"start":{"line":26,"column":26},"end":{"line":26,"column":27}},"loc":{"start":{"line":26,"column":56},"end":{"line":64,"column":1}},"line":26}},"branchMap":{"0":{"loc":{"start":{"line":8,"column":2},"end":{"line":23,"column":3}},"type":"switch","locations":[{"start":{"line":9,"column":4},"end":{"line":10,"column":22}},{"start":{"line":11,"column":4},"end":{"line":12,"column":22}},{"start":{"line":13,"column":4},"end":{"line":14,"column":23}},{"start":{"line":15,"column":4},"end":{"line":16,"column":25}},{"start":{"line":17,"column":4},"end":{"line":18,"column":24}},{"start":{"line":19,"column":4},"end":{"line":20,"column":22}},{"start":{"line":21,"column":4},"end":{"line":22,"column":24}}],"line":8}},"s":{"0":1,"1":3,"2":3,"3":0,"4":0,"5":0,"6":0,"7":0,"8":0,"9":1,"10":3,"11":3,"12":3},"f":{"0":3,"1":3},"b":{"0":[3,0,0,0,0,0,0]},"_coverageSchema":"1a1c01bbd47fc00a2c39e90264f33305004495a9","hash":"d303355da8d9e89413a78780dfabc983822512ce"}
,"/Users/samynalbandian/projects/perso/CatchUp/components/atoms/PrimaryButton.tsx": {"path":"/Users/samynalbandian/projects/perso/CatchUp/components/atoms/PrimaryButton.tsx","statementMap":{"0":{"start":{"line":31,"column":19},"end":{"line":51,"column":4}},"1":{"start":{"line":32,"column":2},"end":{"line":51,"column":4}},"2":{"start":{"line":53,"column":29},"end":{"line":76,"column":1}},"3":{"start":{"line":60,"column":33},"end":{"line":60,"column":58}},"4":{"start":{"line":61,"column":17},"end":{"line":61,"column":34}},"5":{"start":{"line":63,"column":2},"end":{"line":75,"column":4}},"6":{"start":{"line":65,"column":30},"end":{"line":69,"column":7}}},"fnMap":{"0":{"name":"(anonymous_0)","decl":{"start":{"line":31,"column":19},"end":{"line":31,"column":20}},"loc":{"start":{"line":32,"column":2},"end":{"line":51,"column":4}},"line":32},"1":{"name":"(anonymous_1)","decl":{"start":{"line":53,"column":29},"end":{"line":53,"column":30}},"loc":{"start":{"line":59,"column":19},"end":{"line":76,"column":1}},"line":59},"2":{"name":"(anonymous_2)","decl":{"start":{"line":65,"column":13},"end":{"line":65,"column":14}},"loc":{"start":{"line":65,"column":30},"end":{"line":69,"column":7}},"line":65}},"branchMap":{"0":{"loc":{"start":{"line":67,"column":8},"end":{"line":67,"column":63}},"type":"cond-expr","locations":[{"start":{"line":67,"column":30},"end":{"line":67,"column":56}},{"start":{"line":67,"column":59},"end":{"line":67,"column":63}}],"line":67},"1":{"loc":{"start":{"line":67,"column":8},"end":{"line":67,"column":27}},"type":"binary-expr","locations":[{"start":{"line":67,"column":8},"end":{"line":67,"column":15}},{"start":{"line":67,"column":19},"end":{"line":67,"column":27}}],"line":67}},"s":{"0":1,"1":7,"2":1,"3":7,"4":7,"5":7,"6":7},"f":{"0":7,"1":7,"2":7},"b":{"0":[0,7],"1":[7,7]},"_coverageSchema":"1a1c01bbd47fc00a2c39e90264f33305004495a9","hash":"84e2865e51a0e48ccbeddb1c9c5af2a39ac439b2"}
,"/Users/samynalbandian/projects/perso/CatchUp/components/atoms/SelectDropdown.tsx": {"path":"/Users/samynalbandian/projects/perso/CatchUp/components/atoms/SelectDropdown.tsx","statementMap":{"0":{"start":{"line":30,"column":30},"end":{"line":156,"column":1}},"1":{"start":{"line":36,"column":30},"end":{"line":36,"column":45}},"2":{"start":{"line":37,"column":42},"end":{"line":42,"column":4}},"3":{"start":{"line":43,"column":20},"end":{"line":43,"column":57}},"4":{"start":{"line":44,"column":21},"end":{"line":44,"column":39}},"5":{"start":{"line":45,"column":16},"end":{"line":45,"column":41}},"6":{"start":{"line":46,"column":17},"end":{"line":46,"column":34}},"7":{"start":{"line":48,"column":21},"end":{"line":64,"column":3}},"8":{"start":{"line":49,"column":4},"end":{"line":63,"column":7}},"9":{"start":{"line":50,"column":6},"end":{"line":55,"column":9}},"10":{"start":{"line":56,"column":6},"end":{"line":56,"column":22}},"11":{"start":{"line":57,"column":6},"end":{"line":62,"column":17}},"12":{"start":{"line":66,"column":22},"end":{"line":72,"column":3}},"13":{"start":{"line":67,"column":4},"end":{"line":71,"column":37}},"14":{"start":{"line":71,"column":19},"end":{"line":71,"column":35}},"15":{"start":{"line":74,"column":23},"end":{"line":77,"column":3}},"16":{"start":{"line":75,"column":4},"end":{"line":75,"column":28}},"17":{"start":{"line":76,"column":4},"end":{"line":76,"column":18}},"18":{"start":{"line":79,"column":21},"end":{"line":82,"column":4}},"19":{"start":{"line":84,"column":18},"end":{"line":87,"column":4}},"20":{"start":{"line":89,"column":25},"end":{"line":89,"column":73}},"21":{"start":{"line":89,"column":50},"end":{"line":89,"column":72}},"22":{"start":{"line":91,"column":2},"end":{"line":155,"column":4}},"23":{"start":{"line":132,"column":16},"end":{"line":148,"column":35}},"24":{"start":{"line":138,"column":33},"end":{"line":138,"column":59}},"25":{"start":{"line":158,"column":19},"end":{"line":204,"column":4}},"26":{"start":{"line":159,"column":2},"end":{"line":204,"column":4}}},"fnMap":{"0":{"name":"(anonymous_0)","decl":{"start":{"line":30,"column":30},"end":{"line":30,"column":31}},"loc":{"start":{"line":35,"column":30},"end":{"line":156,"column":1}},"line":35},"1":{"name":"(anonymous_1)","decl":{"start":{"line":48,"column":21},"end":{"line":48,"column":22}},"loc":{"start":{"line":48,"column":27},"end":{"line":64,"column":3}},"line":48},"2":{"name":"(anonymous_2)","decl":{"start":{"line":49,"column":32},"end":{"line":49,"column":33}},"loc":{"start":{"line":49,"column":71},"end":{"line":63,"column":5}},"line":49},"3":{"name":"(anonymous_3)","decl":{"start":{"line":66,"column":22},"end":{"line":66,"column":23}},"loc":{"start":{"line":66,"column":28},"end":{"line":72,"column":3}},"line":66},"4":{"name":"(anonymous_4)","decl":{"start":{"line":71,"column":13},"end":{"line":71,"column":14}},"loc":{"start":{"line":71,"column":19},"end":{"line":71,"column":35}},"line":71},"5":{"name":"(anonymous_5)","decl":{"start":{"line":74,"column":23},"end":{"line":74,"column":24}},"loc":{"start":{"line":74,"column":45},"end":{"line":77,"column":3}},"line":74},"6":{"name":"(anonymous_6)","decl":{"start":{"line":89,"column":38},"end":{"line":89,"column":39}},"loc":{"start":{"line":89,"column":50},"end":{"line":89,"column":72}},"line":89},"7":{"name":"(anonymous_7)","decl":{"start":{"line":131,"column":27},"end":{"line":131,"column":28}},"loc":{"start":{"line":132,"column":16},"end":{"line":148,"column":35}},"line":132},"8":{"name":"(anonymous_8)","decl":{"start":{"line":138,"column":27},"end":{"line":138,"column":28}},"loc":{"start":{"line":138,"column":33},"end":{"line":138,"column":59}},"line":138},"9":{"name":"(anonymous_9)","decl":{"start":{"line":158,"column":19},"end":{"line":158,"column":20}},"loc":{"start":{"line":159,"column":2},"end":{"line":204,"column":4}},"line":159}},"branchMap":{"0":{"loc":{"start":{"line":34,"column":2},"end":{"line":34,"column":34}},"type":"default-arg","locations":[{"start":{"line":34,"column":16},"end":{"line":34,"column":34}}],"line":34},"1":{"loc":{"start":{"line":95,"column":34},"end":{"line":95,"column":58}},"type":"binary-expr","locations":[{"start":{"line":95,"column":34},"end":{"line":95,"column":40}},{"start":{"line":95,"column":44},"end":{"line":95,"column":58}}],"line":95},"2":{"loc":{"start":{"line":100,"column":13},"end":{"line":100,"column":49}},"type":"binary-expr","locations":[{"start":{"line":100,"column":13},"end":{"line":100,"column":34}},{"start":{"line":100,"column":38},"end":{"line":100,"column":49}}],"line":100},"3":{"loc":{"start":{"line":136,"column":20},"end":{"line":136,"column":69}},"type":"binary-expr","locations":[{"start":{"line":136,"column":20},"end":{"line":136,"column":48}},{"start":{"line":136,"column":52},"end":{"line":136,"column":69}}],"line":136},"4":{"loc":{"start":{"line":141,"column":19},"end":{"line":147,"column":19}},"type":"binary-expr","locations":[{"start":{"line":141,"column":19},"end":{"line":141,"column":41}},{"start":{"line":142,"column":20},"end":{"line":146,"column":22}}],"line":141}},"s":{"0":1,"1":0,"2":0,"3":0,"4":0,"5":0,"6":0,"7":0,"8":0,"9":0,"10":0,"11":0,"12":0,"13":0,"14":0,"15":0,"16":0,"17":0,"18":0,"19":0,"20":0,"21":0,"22":0,"23":0,"24":0,"25":1,"26":0},"f":{"0":0,"1":0,"2":0,"3":0,"4":0,"5":0,"6":0,"7":0,"8":0,"9":0},"b":{"0":[0],"1":[0,0],"2":[0,0],"3":[0,0],"4":[0,0]},"_coverageSchema":"1a1c01bbd47fc00a2c39e90264f33305004495a9","hash":"1a698a974c31839fc5901470a2b0637f617577ec"}
,"/Users/samynalbandian/projects/perso/CatchUp/components/atoms/ThemedText.tsx": {"path":"/Users/samynalbandian/projects/perso/CatchUp/components/atoms/ThemedText.tsx","statementMap":{"0":{"start":{"line":33,"column":16},"end":{"line":33,"column":77}},"1":{"start":{"line":34,"column":16},"end":{"line":34,"column":41}},"2":{"start":{"line":35,"column":17},"end":{"line":35,"column":34}},"3":{"start":{"line":37,"column":2},"end":{"line":55,"column":4}},"4":{"start":{"line":58,"column":19},"end":{"line":113,"column":4}},"5":{"start":{"line":59,"column":2},"end":{"line":113,"column":4}}},"fnMap":{"0":{"name":"ThemedText","decl":{"start":{"line":26,"column":16},"end":{"line":26,"column":26}},"loc":{"start":{"line":32,"column":20},"end":{"line":56,"column":1}},"line":32},"1":{"name":"(anonymous_1)","decl":{"start":{"line":58,"column":19},"end":{"line":58,"column":20}},"loc":{"start":{"line":59,"column":2},"end":{"line":113,"column":4}},"line":59}},"branchMap":{"0":{"loc":{"start":{"line":30,"column":2},"end":{"line":30,"column":18}},"type":"default-arg","locations":[{"start":{"line":30,"column":9},"end":{"line":30,"column":18}}],"line":30},"1":{"loc":{"start":{"line":41,"column":8},"end":{"line":41,"column":55}},"type":"cond-expr","locations":[{"start":{"line":41,"column":29},"end":{"line":41,"column":43}},{"start":{"line":41,"column":46},"end":{"line":41,"column":55}}],"line":41},"2":{"loc":{"start":{"line":42,"column":8},"end":{"line":42,"column":51}},"type":"cond-expr","locations":[{"start":{"line":42,"column":27},"end":{"line":42,"column":39}},{"start":{"line":42,"column":42},"end":{"line":42,"column":51}}],"line":42},"3":{"loc":{"start":{"line":43,"column":8},"end":{"line":43,"column":71}},"type":"cond-expr","locations":[{"start":{"line":43,"column":37},"end":{"line":43,"column":59}},{"start":{"line":43,"column":62},"end":{"line":43,"column":71}}],"line":43},"4":{"loc":{"start":{"line":44,"column":8},"end":{"line":44,"column":57}},"type":"cond-expr","locations":[{"start":{"line":44,"column":30},"end":{"line":44,"column":45}},{"start":{"line":44,"column":48},"end":{"line":44,"column":57}}],"line":44},"5":{"loc":{"start":{"line":45,"column":8},"end":{"line":45,"column":49}},"type":"cond-expr","locations":[{"start":{"line":45,"column":26},"end":{"line":45,"column":37}},{"start":{"line":45,"column":40},"end":{"line":45,"column":49}}],"line":45},"6":{"loc":{"start":{"line":46,"column":8},"end":{"line":46,"column":55}},"type":"cond-expr","locations":[{"start":{"line":46,"column":29},"end":{"line":46,"column":43}},{"start":{"line":46,"column":46},"end":{"line":46,"column":55}}],"line":46},"7":{"loc":{"start":{"line":47,"column":8},"end":{"line":47,"column":49}},"type":"cond-expr","locations":[{"start":{"line":47,"column":26},"end":{"line":47,"column":37}},{"start":{"line":47,"column":40},"end":{"line":47,"column":49}}],"line":47},"8":{"loc":{"start":{"line":48,"column":8},"end":{"line":48,"column":65}},"type":"cond-expr","locations":[{"start":{"line":48,"column":34},"end":{"line":48,"column":53}},{"start":{"line":48,"column":56},"end":{"line":48,"column":65}}],"line":48},"9":{"loc":{"start":{"line":49,"column":8},"end":{"line":49,"column":71}},"type":"cond-expr","locations":[{"start":{"line":49,"column":37},"end":{"line":49,"column":59}},{"start":{"line":49,"column":62},"end":{"line":49,"column":71}}],"line":49},"10":{"loc":{"start":{"line":50,"column":8},"end":{"line":50,"column":57}},"type":"cond-expr","locations":[{"start":{"line":50,"column":30},"end":{"line":50,"column":45}},{"start":{"line":50,"column":48},"end":{"line":50,"column":57}}],"line":50}},"s":{"0":28,"1":28,"2":28,"3":28,"4":3,"5":28},"f":{"0":28,"1":28},"b":{"0":[21],"1":[21,7],"2":[0,28],"3":[0,28],"4":[0,28],"5":[0,28],"6":[7,21],"7":[0,28],"8":[0,28],"9":[0,28],"10":[0,28]},"_coverageSchema":"1a1c01bbd47fc00a2c39e90264f33305004495a9","hash":"e8a28282d82e20269301ed63fbdd3fde437ee353"}
,"/Users/samynalbandian/projects/perso/CatchUp/components/molecules/FriendLine.tsx": {"path":"/Users/samynalbandian/projects/perso/CatchUp/components/molecules/FriendLine.tsx","statementMap":{"0":{"start":{"line":25,"column":20},"end":{"line":40,"column":1}},"1":{"start":{"line":26,"column":25},"end":{"line":31,"column":4}},"2":{"start":{"line":27,"column":4},"end":{"line":30,"column":6}},"3":{"start":{"line":33,"column":2},"end":{"line":39,"column":4}},"4":{"start":{"line":42,"column":21},"end":{"line":51,"column":2}},"5":{"start":{"line":53,"column":26},"end":{"line":143,"column":1}},"6":{"start":{"line":54,"column":36},"end":{"line":54,"column":49}},"7":{"start":{"line":55,"column":41},"end":{"line":55,"column":54}},"8":{"start":{"line":56,"column":43},"end":{"line":56,"column":61}},"9":{"start":{"line":58,"column":44},"end":{"line":58,"column":71}},"10":{"start":{"line":59,"column":30},"end":{"line":59,"column":54}},"11":{"start":{"line":60,"column":30},"end":{"line":60,"column":54}},"12":{"start":{"line":62,"column":2},"end":{"line":66,"column":53}},"13":{"start":{"line":63,"column":4},"end":{"line":65,"column":5}},"14":{"start":{"line":64,"column":6},"end":{"line":64,"column":37}},"15":{"start":{"line":68,"column":2},"end":{"line":73,"column":55}},"16":{"start":{"line":69,"column":4},"end":{"line":71,"column":5}},"17":{"start":{"line":70,"column":6},"end":{"line":70,"column":13}},"18":{"start":{"line":72,"column":4},"end":{"line":72,"column":61}},"19":{"start":{"line":75,"column":23},"end":{"line":83,"column":3}},"20":{"start":{"line":76,"column":4},"end":{"line":79,"column":5}},"21":{"start":{"line":77,"column":6},"end":{"line":77,"column":50}},"22":{"start":{"line":78,"column":6},"end":{"line":78,"column":13}},"23":{"start":{"line":80,"column":4},"end":{"line":82,"column":7}},"24":{"start":{"line":81,"column":6},"end":{"line":81,"column":33}},"25":{"start":{"line":81,"column":26},"end":{"line":81,"column":31}},"26":{"start":{"line":85,"column":26},"end":{"line":91,"column":3}},"27":{"start":{"line":86,"column":4},"end":{"line":89,"column":5}},"28":{"start":{"line":87,"column":6},"end":{"line":87,"column":55}},"29":{"start":{"line":88,"column":6},"end":{"line":88,"column":13}},"30":{"start":{"line":90,"column":4},"end":{"line":90,"column":33}},"31":{"start":{"line":93,"column":30},"end":{"line":93,"column":45}},"32":{"start":{"line":95,"column":20},"end":{"line":99,"column":10}},"33":{"start":{"line":100,"column":28},"end":{"line":100,"column":65}},"34":{"start":{"line":102,"column":2},"end":{"line":142,"column":4}},"35":{"start":{"line":107,"column":8},"end":{"line":107,"column":78}},"36":{"start":{"line":145,"column":15},"end":{"line":167,"column":2}}},"fnMap":{"0":{"name":"(anonymous_0)","decl":{"start":{"line":25,"column":20},"end":{"line":25,"column":21}},"loc":{"start":{"line":25,"column":71},"end":{"line":40,"column":1}},"line":25},"1":{"name":"(anonymous_1)","decl":{"start":{"line":26,"column":42},"end":{"line":26,"column":43}},"loc":{"start":{"line":26,"column":48},"end":{"line":31,"column":3}},"line":26},"2":{"name":"(anonymous_2)","decl":{"start":{"line":53,"column":26},"end":{"line":53,"column":27}},"loc":{"start":{"line":53,"column":70},"end":{"line":143,"column":1}},"line":53},"3":{"name":"(anonymous_3)","decl":{"start":{"line":62,"column":12},"end":{"line":62,"column":13}},"loc":{"start":{"line":62,"column":18},"end":{"line":66,"column":3}},"line":62},"4":{"name":"(anonymous_4)","decl":{"start":{"line":68,"column":12},"end":{"line":68,"column":13}},"loc":{"start":{"line":68,"column":18},"end":{"line":73,"column":3}},"line":68},"5":{"name":"(anonymous_5)","decl":{"start":{"line":75,"column":23},"end":{"line":75,"column":24}},"loc":{"start":{"line":75,"column":29},"end":{"line":83,"column":3}},"line":75},"6":{"name":"(anonymous_6)","decl":{"start":{"line":80,"column":34},"end":{"line":80,"column":35}},"loc":{"start":{"line":80,"column":40},"end":{"line":82,"column":5}},"line":80},"7":{"name":"(anonymous_7)","decl":{"start":{"line":81,"column":16},"end":{"line":81,"column":17}},"loc":{"start":{"line":81,"column":26},"end":{"line":81,"column":31}},"line":81},"8":{"name":"(anonymous_8)","decl":{"start":{"line":85,"column":26},"end":{"line":85,"column":27}},"loc":{"start":{"line":85,"column":32},"end":{"line":91,"column":3}},"line":85},"9":{"name":"(anonymous_9)","decl":{"start":{"line":106,"column":26},"end":{"line":106,"column":27}},"loc":{"start":{"line":107,"column":8},"end":{"line":107,"column":78}},"line":107}},"branchMap":{"0":{"loc":{"start":{"line":63,"column":4},"end":{"line":65,"column":5}},"type":"if","locations":[{"start":{"line":63,"column":4},"end":{"line":65,"column":5}},{"start":{},"end":{}}],"line":63},"1":{"loc":{"start":{"line":69,"column":4},"end":{"line":71,"column":5}},"type":"if","locations":[{"start":{"line":69,"column":4},"end":{"line":71,"column":5}},{"start":{},"end":{}}],"line":69},"2":{"loc":{"start":{"line":76,"column":4},"end":{"line":79,"column":5}},"type":"if","locations":[{"start":{"line":76,"column":4},"end":{"line":79,"column":5}},{"start":{},"end":{}}],"line":76},"3":{"loc":{"start":{"line":86,"column":4},"end":{"line":89,"column":5}},"type":"if","locations":[{"start":{"line":86,"column":4},"end":{"line":89,"column":5}},{"start":{},"end":{}}],"line":86},"4":{"loc":{"start":{"line":95,"column":20},"end":{"line":99,"column":10}},"type":"cond-expr","locations":[{"start":{"line":96,"column":6},"end":{"line":98,"column":7}},{"start":{"line":99,"column":6},"end":{"line":99,"column":10}}],"line":95},"5":{"loc":{"start":{"line":100,"column":28},"end":{"line":100,"column":65}},"type":"binary-expr","locations":[{"start":{"line":100,"column":28},"end":{"line":100,"column":47}},{"start":{"line":100,"column":51},"end":{"line":100,"column":65}}],"line":100},"6":{"loc":{"start":{"line":112,"column":11},"end":{"line":120,"column":11}},"type":"cond-expr","locations":[{"start":{"line":113,"column":12},"end":{"line":113,"column":71}},{"start":{"line":115,"column":12},"end":{"line":119,"column":14}}],"line":112},"7":{"loc":{"start":{"line":125,"column":13},"end":{"line":133,"column":13}},"type":"cond-expr","locations":[{"start":{"line":126,"column":14},"end":{"line":130,"column":27}},{"start":{"line":132,"column":14},"end":{"line":132,"column":76}}],"line":125},"8":{"loc":{"start":{"line":127,"column":17},"end":{"line":129,"column":54}},"type":"cond-expr","locations":[{"start":{"line":128,"column":20},"end":{"line":128,"column":38}},{"start":{"line":129,"column":20},"end":{"line":129,"column":54}}],"line":127},"9":{"loc":{"start":{"line":137,"column":17},"end":{"line":137,"column":62}},"type":"cond-expr","locations":[{"start":{"line":137,"column":37},"end":{"line":137,"column":49}},{"start":{"line":137,"column":52},"end":{"line":137,"column":62}}],"line":137}},"s":{"0":1,"1":7,"2":8,"3":7,"4":1,"5":1,"6":8,"7":8,"8":8,"9":8,"10":8,"11":8,"12":8,"13":7,"14":7,"15":8,"16":4,"17":0,"18":4,"19":8,"20":1,"21":0,"22":0,"23":1,"24":1,"25":1,"26":8,"27":0,"28":0,"29":0,"30":0,"31":8,"32":8,"33":8,"34":8,"35":7,"36":1},"f":{"0":7,"1":8,"2":8,"3":7,"4":4,"5":1,"6":1,"7":1,"8":0,"9":7},"b":{"0":[7,0],"1":[0,4],"2":[0,1],"3":[0,0],"4":[1,7],"5":[8,1],"6":[0,8],"7":[1,7],"8":[0,1],"9":[0,8]},"_coverageSchema":"1a1c01bbd47fc00a2c39e90264f33305004495a9","hash":"ab3ef0a3718a751b4fd132529d931cb3eab6ec09"}
,"/Users/samynalbandian/projects/perso/CatchUp/components/molecules/InitialImage.tsx": {"path":"/Users/samynalbandian/projects/perso/CatchUp/components/molecules/InitialImage.tsx","statementMap":{"0":{"start":{"line":11,"column":28},"end":{"line":26,"column":1}},"1":{"start":{"line":16,"column":27},"end":{"line":16,"column":68}},"2":{"start":{"line":17,"column":26},"end":{"line":17,"column":66}},"3":{"start":{"line":18,"column":18},"end":{"line":18,"column":57}},"4":{"start":{"line":19,"column":17},"end":{"line":19,"column":33}},"5":{"start":{"line":21,"column":2},"end":{"line":25,"column":4}},"6":{"start":{"line":28,"column":19},"end":{"line":46,"column":4}},"7":{"start":{"line":29,"column":2},"end":{"line":46,"column":4}}},"fnMap":{"0":{"name":"(anonymous_0)","decl":{"start":{"line":11,"column":28},"end":{"line":11,"column":29}},"loc":{"start":{"line":15,"column":25},"end":{"line":26,"column":1}},"line":15},"1":{"name":"(anonymous_1)","decl":{"start":{"line":28,"column":19},"end":{"line":28,"column":20}},"loc":{"start":{"line":29,"column":2},"end":{"line":46,"column":4}},"line":29}},"branchMap":{"0":{"loc":{"start":{"line":14,"column":2},"end":{"line":14,"column":11}},"type":"default-arg","locations":[{"start":{"line":14,"column":9},"end":{"line":14,"column":11}}],"line":14},"1":{"loc":{"start":{"line":16,"column":27},"end":{"line":16,"column":68}},"type":"binary-expr","locations":[{"start":{"line":16,"column":27},"end":{"line":16,"column":62}},{"start":{"line":16,"column":66},"end":{"line":16,"column":68}}],"line":16},"2":{"loc":{"start":{"line":17,"column":26},"end":{"line":17,"column":66}},"type":"binary-expr","locations":[{"start":{"line":17,"column":26},"end":{"line":17,"column":60}},{"start":{"line":17,"column":64},"end":{"line":17,"column":66}}],"line":17}},"s":{"0":1,"1":7,"2":7,"3":7,"4":7,"5":7,"6":1,"7":7},"f":{"0":7,"1":7},"b":{"0":[0],"1":[7,0],"2":[7,0]},"_coverageSchema":"1a1c01bbd47fc00a2c39e90264f33305004495a9","hash":"beb38d32ad1f9fe228036219797c5eb2f2e7ed03"}
,"/Users/samynalbandian/projects/perso/CatchUp/constants/DateUtils.ts": {"path":"/Users/samynalbandian/projects/perso/CatchUp/constants/DateUtils.ts","statementMap":{"0":{"start":{"line":4,"column":22},"end":{"line":4,"column":41}},"1":{"start":{"line":6,"column":26},"end":{"line":10,"column":1}},"2":{"start":{"line":12,"column":23},"end":{"line":17,"column":1}},"3":{"start":{"line":19,"column":19},"end":{"line":20,"column":55}},"4":{"start":{"line":20,"column":2},"end":{"line":20,"column":55}},"5":{"start":{"line":22,"column":32},"end":{"line":33,"column":1}},"6":{"start":{"line":23,"column":2},"end":{"line":32,"column":3}},"7":{"start":{"line":25,"column":6},"end":{"line":25,"column":53}},"8":{"start":{"line":27,"column":6},"end":{"line":27,"column":52}},"9":{"start":{"line":29,"column":6},"end":{"line":29,"column":52}},"10":{"start":{"line":31,"column":6},"end":{"line":31,"column":58}},"11":{"start":{"line":35,"column":26},"end":{"line":47,"column":1}},"12":{"start":{"line":36,"column":16},"end":{"line":36,"column":26}},"13":{"start":{"line":37,"column":2},"end":{"line":46,"column":3}},"14":{"start":{"line":39,"column":6},"end":{"line":39,"column":66}},"15":{"start":{"line":41,"column":6},"end":{"line":41,"column":65}},"16":{"start":{"line":43,"column":6},"end":{"line":43,"column":65}},"17":{"start":{"line":45,"column":6},"end":{"line":45,"column":58}},"18":{"start":{"line":49,"column":31},"end":{"line":53,"column":1}},"19":{"start":{"line":51,"column":4},"end":{"line":51,"column":70}},"20":{"start":{"line":52,"column":2},"end":{"line":52,"column":33}},"21":{"start":{"line":55,"column":33},"end":{"line":62,"column":1}},"22":{"start":{"line":58,"column":2},"end":{"line":60,"column":3}},"23":{"start":{"line":59,"column":4},"end":{"line":59,"column":16}},"24":{"start":{"line":61,"column":2},"end":{"line":61,"column":50}},"25":{"start":{"line":64,"column":21},"end":{"line":69,"column":1}},"26":{"start":{"line":65,"column":2},"end":{"line":67,"column":3}},"27":{"start":{"line":66,"column":4},"end":{"line":66,"column":24}},"28":{"start":{"line":68,"column":2},"end":{"line":68,"column":27}},"29":{"start":{"line":71,"column":30},"end":{"line":79,"column":1}},"30":{"start":{"line":72,"column":2},"end":{"line":78,"column":4}},"31":{"start":{"line":81,"column":21},"end":{"line":109,"column":1}},"32":{"start":{"line":82,"column":16},"end":{"line":82,"column":43}},"33":{"start":{"line":83,"column":2},"end":{"line":108,"column":3}},"34":{"start":{"line":85,"column":6},"end":{"line":85,"column":23}},"35":{"start":{"line":87,"column":6},"end":{"line":87,"column":24}},"36":{"start":{"line":89,"column":6},"end":{"line":89,"column":21}},"37":{"start":{"line":91,"column":6},"end":{"line":91,"column":21}},"38":{"start":{"line":93,"column":6},"end":{"line":93,"column":19}},"39":{"start":{"line":95,"column":6},"end":{"line":95,"column":20}},"40":{"start":{"line":97,"column":6},"end":{"line":97,"column":20}},"41":{"start":{"line":99,"column":6},"end":{"line":99,"column":22}},"42":{"start":{"line":101,"column":6},"end":{"line":101,"column":25}},"43":{"start":{"line":103,"column":6},"end":{"line":103,"column":23}},"44":{"start":{"line":105,"column":6},"end":{"line":105,"column":24}},"45":{"start":{"line":107,"column":6},"end":{"line":107,"column":24}},"46":{"start":{"line":111,"column":25},"end":{"line":122,"column":1}}},"fnMap":{"0":{"name":"(anonymous_0)","decl":{"start":{"line":19,"column":19},"end":{"line":19,"column":20}},"loc":{"start":{"line":20,"column":2},"end":{"line":20,"column":55}},"line":20},"1":{"name":"(anonymous_1)","decl":{"start":{"line":22,"column":32},"end":{"line":22,"column":33}},"loc":{"start":{"line":22,"column":72},"end":{"line":33,"column":1}},"line":22},"2":{"name":"(anonymous_2)","decl":{"start":{"line":35,"column":26},"end":{"line":35,"column":27}},"loc":{"start":{"line":35,"column":66},"end":{"line":47,"column":1}},"line":35},"3":{"name":"(anonymous_3)","decl":{"start":{"line":49,"column":31},"end":{"line":49,"column":32}},"loc":{"start":{"line":49,"column":68},"end":{"line":53,"column":1}},"line":49},"4":{"name":"(anonymous_4)","decl":{"start":{"line":55,"column":33},"end":{"line":55,"column":34}},"loc":{"start":{"line":57,"column":18},"end":{"line":62,"column":1}},"line":57},"5":{"name":"(anonymous_5)","decl":{"start":{"line":64,"column":21},"end":{"line":64,"column":22}},"loc":{"start":{"line":64,"column":49},"end":{"line":69,"column":1}},"line":64},"6":{"name":"(anonymous_6)","decl":{"start":{"line":71,"column":30},"end":{"line":71,"column":31}},"loc":{"start":{"line":71,"column":54},"end":{"line":79,"column":1}},"line":71},"7":{"name":"(anonymous_7)","decl":{"start":{"line":81,"column":21},"end":{"line":81,"column":22}},"loc":{"start":{"line":81,"column":48},"end":{"line":109,"column":1}},"line":81}},"branchMap":{"0":{"loc":{"start":{"line":23,"column":2},"end":{"line":32,"column":3}},"type":"switch","locations":[{"start":{"line":24,"column":4},"end":{"line":25,"column":53}},{"start":{"line":26,"column":4},"end":{"line":27,"column":52}},{"start":{"line":28,"column":4},"end":{"line":29,"column":52}},{"start":{"line":30,"column":4},"end":{"line":31,"column":58}}],"line":23},"1":{"loc":{"start":{"line":37,"column":2},"end":{"line":46,"column":3}},"type":"switch","locations":[{"start":{"line":38,"column":4},"end":{"line":39,"column":66}},{"start":{"line":40,"column":4},"end":{"line":41,"column":65}},{"start":{"line":42,"column":4},"end":{"line":43,"column":65}},{"start":{"line":44,"column":4},"end":{"line":45,"column":58}}],"line":37},"2":{"loc":{"start":{"line":58,"column":2},"end":{"line":60,"column":3}},"type":"if","locations":[{"start":{"line":58,"column":2},"end":{"line":60,"column":3}},{"start":{},"end":{}}],"line":58},"3":{"loc":{"start":{"line":65,"column":2},"end":{"line":67,"column":3}},"type":"if","locations":[{"start":{"line":65,"column":2},"end":{"line":67,"column":3}},{"start":{},"end":{}}],"line":65},"4":{"loc":{"start":{"line":83,"column":2},"end":{"line":108,"column":3}},"type":"switch","locations":[{"start":{"line":84,"column":4},"end":{"line":85,"column":23}},{"start":{"line":86,"column":4},"end":{"line":87,"column":24}},{"start":{"line":88,"column":4},"end":{"line":89,"column":21}},{"start":{"line":90,"column":4},"end":{"line":91,"column":21}},{"start":{"line":92,"column":4},"end":{"line":93,"column":19}},{"start":{"line":94,"column":4},"end":{"line":95,"column":20}},{"start":{"line":96,"column":4},"end":{"line":97,"column":20}},{"start":{"line":98,"column":4},"end":{"line":99,"column":22}},{"start":{"line":100,"column":4},"end":{"line":101,"column":25}},{"start":{"line":102,"column":4},"end":{"line":103,"column":23}},{"start":{"line":104,"column":4},"end":{"line":105,"column":24}},{"start":{"line":106,"column":4},"end":{"line":107,"column":24}}],"line":83}},"s":{"0":4,"1":4,"2":4,"3":4,"4":0,"5":4,"6":0,"7":0,"8":0,"9":0,"10":0,"11":4,"12":0,"13":0,"14":0,"15":0,"16":0,"17":0,"18":4,"19":0,"20":0,"21":4,"22":0,"23":0,"24":0,"25":4,"26":0,"27":0,"28":0,"29":4,"30":0,"31":4,"32":0,"33":0,"34":0,"35":0,"36":0,"37":0,"38":0,"39":0,"40":0,"41":0,"42":0,"43":0,"44":0,"45":0,"46":4},"f":{"0":0,"1":0,"2":0,"3":0,"4":0,"5":0,"6":0,"7":0},"b":{"0":[0,0,0,0],"1":[0,0,0,0],"2":[0,0],"3":[0,0],"4":[0,0,0,0,0,0,0,0,0,0,0,0]},"_coverageSchema":"1a1c01bbd47fc00a2c39e90264f33305004495a9","hash":"81d69ca35fcfc776f1d5c20fe6b6a6e44a427d2d"}
,"/Users/samynalbandian/projects/perso/CatchUp/constants/design/Colors.ts": {"path":"/Users/samynalbandian/projects/perso/CatchUp/constants/design/Colors.ts","statementMap":{"0":{"start":{"line":6,"column":23},"end":{"line":18,"column":10}},"1":{"start":{"line":20,"column":22},"end":{"line":51,"column":10}}},"fnMap":{},"branchMap":{},"s":{"0":3,"1":3},"f":{},"b":{},"_coverageSchema":"1a1c01bbd47fc00a2c39e90264f33305004495a9","hash":"5bd6f31a107b11e9bd36f887ddd77f19f5c5d1cc"}
,"/Users/samynalbandian/projects/perso/CatchUp/constants/design/Sizes.ts": {"path":"/Users/samynalbandian/projects/perso/CatchUp/constants/design/Sizes.ts","statementMap":{"0":{"start":{"line":1,"column":20},"end":{"line":7,"column":10}},"1":{"start":{"line":9,"column":28},"end":{"line":16,"column":10}},"2":{"start":{"line":18,"column":23},"end":{"line":24,"column":10}},"3":{"start":{"line":26,"column":26},"end":{"line":31,"column":10}},"4":{"start":{"line":33,"column":26},"end":{"line":38,"column":10}},"5":{"start":{"line":40,"column":26},"end":{"line":47,"column":10}},"6":{"start":{"line":49,"column":29},"end":{"line":53,"column":10}}},"fnMap":{},"branchMap":{},"s":{"0":3,"1":3,"2":3,"3":3,"4":3,"5":3,"6":3},"f":{},"b":{},"_coverageSchema":"1a1c01bbd47fc00a2c39e90264f33305004495a9","hash":"b76467236b1d430176189a4f5a55d909abe91556"}
,"/Users/samynalbandian/projects/perso/CatchUp/constants/design/index.ts": {"path":"/Users/samynalbandian/projects/perso/CatchUp/constants/design/index.ts","statementMap":{},"fnMap":{},"branchMap":{},"s":{},"f":{},"b":{},"_coverageSchema":"1a1c01bbd47fc00a2c39e90264f33305004495a9","hash":"57abc29dd058da7e6f225b16d38e8f3437a9ae01"}
,"/Users/samynalbandian/projects/perso/CatchUp/contexts/CheckIns.context.tsx": {"path":"/Users/samynalbandian/projects/perso/CatchUp/contexts/CheckIns.context.tsx","statementMap":{"0":{"start":{"line":28,"column":24},"end":{"line":28,"column":72}},"1":{"start":{"line":30,"column":27},"end":{"line":34,"column":1}},"2":{"start":{"line":31,"column":18},"end":{"line":31,"column":45}},"3":{"start":{"line":32,"column":2},"end":{"line":32,"column":61}},"4":{"start":{"line":32,"column":16},"end":{"line":32,"column":61}},"5":{"start":{"line":33,"column":2},"end":{"line":33,"column":17}},"6":{"start":{"line":36,"column":32},"end":{"line":129,"column":1}},"7":{"start":{"line":37,"column":13},"end":{"line":37,"column":31}},"8":{"start":{"line":39,"column":4},"end":{"line":39,"column":24}},"9":{"start":{"line":40,"column":31},"end":{"line":40,"column":49}},"10":{"start":{"line":41,"column":23},"end":{"line":41,"column":41}},"11":{"start":{"line":42,"column":49},"end":{"line":42,"column":74}},"12":{"start":{"line":43,"column":49},"end":{"line":43,"column":74}},"13":{"start":{"line":44,"column":54},"end":{"line":44,"column":72}},"14":{"start":{"line":46,"column":25},"end":{"line":48,"column":3}},"15":{"start":{"line":47,"column":4},"end":{"line":47,"column":20}},"16":{"start":{"line":50,"column":26},"end":{"line":72,"column":3}},"17":{"start":{"line":51,"column":28},"end":{"line":51,"column":63}},"18":{"start":{"line":52,"column":46},"end":{"line":52,"column":48}},"19":{"start":{"line":53,"column":4},"end":{"line":70,"column":5}},"20":{"start":{"line":54,"column":22},"end":{"line":56,"column":7}},"21":{"start":{"line":57,"column":6},"end":{"line":69,"column":7}},"22":{"start":{"line":58,"column":38},"end":{"line":62,"column":9}},"23":{"start":{"line":63,"column":8},"end":{"line":63,"column":40}},"24":{"start":{"line":65,"column":8},"end":{"line":65,"column":77}},"25":{"start":{"line":66,"column":8},"end":{"line":68,"column":10}},"26":{"start":{"line":71,"column":4},"end":{"line":71,"column":35}},"27":{"start":{"line":74,"column":33},"end":{"line":77,"column":3}},"28":{"start":{"line":75,"column":4},"end":{"line":75,"column":64}},"29":{"start":{"line":76,"column":4},"end":{"line":76,"column":22}},"30":{"start":{"line":79,"column":27},"end":{"line":96,"column":3}},"31":{"start":{"line":80,"column":4},"end":{"line":83,"column":5}},"32":{"start":{"line":81,"column":6},"end":{"line":81,"column":51}},"33":{"start":{"line":82,"column":6},"end":{"line":82,"column":13}},"34":{"start":{"line":84,"column":4},"end":{"line":95,"column":5}},"35":{"start":{"line":85,"column":6},"end":{"line":89,"column":9}},"36":{"start":{"line":90,"column":6},"end":{"line":90,"column":24}},"37":{"start":{"line":91,"column":6},"end":{"line":91,"column":54}},"38":{"start":{"line":92,"column":6},"end":{"line":92,"column":30}},"39":{"start":{"line":94,"column":6},"end":{"line":94,"column":67}},"40":{"start":{"line":98,"column":37},"end":{"line":103,"column":3}},"41":{"start":{"line":99,"column":16},"end":{"line":101,"column":58}},"42":{"start":{"line":100,"column":22},"end":{"line":100,"column":71}},"43":{"start":{"line":101,"column":25},"end":{"line":101,"column":57}},"44":{"start":{"line":102,"column":4},"end":{"line":102,"column":36}},"45":{"start":{"line":105,"column":2},"end":{"line":108,"column":9}},"46":{"start":{"line":106,"column":4},"end":{"line":106,"column":22}},"47":{"start":{"line":110,"column":2},"end":{"line":113,"column":17}},"48":{"start":{"line":111,"column":4},"end":{"line":111,"column":22}},"49":{"start":{"line":115,"column":2},"end":{"line":128,"column":4}}},"fnMap":{"0":{"name":"(anonymous_0)","decl":{"start":{"line":30,"column":27},"end":{"line":30,"column":28}},"loc":{"start":{"line":30,"column":33},"end":{"line":34,"column":1}},"line":30},"1":{"name":"(anonymous_1)","decl":{"start":{"line":36,"column":32},"end":{"line":36,"column":33}},"loc":{"start":{"line":36,"column":75},"end":{"line":129,"column":1}},"line":36},"2":{"name":"(anonymous_2)","decl":{"start":{"line":46,"column":25},"end":{"line":46,"column":26}},"loc":{"start":{"line":46,"column":62},"end":{"line":48,"column":3}},"line":46},"3":{"name":"(anonymous_3)","decl":{"start":{"line":50,"column":26},"end":{"line":50,"column":27}},"loc":{"start":{"line":50,"column":38},"end":{"line":72,"column":3}},"line":50},"4":{"name":"(anonymous_4)","decl":{"start":{"line":74,"column":33},"end":{"line":74,"column":34}},"loc":{"start":{"line":74,"column":65},"end":{"line":77,"column":3}},"line":74},"5":{"name":"(anonymous_5)","decl":{"start":{"line":79,"column":27},"end":{"line":79,"column":28}},"loc":{"start":{"line":79,"column":33},"end":{"line":96,"column":3}},"line":79},"6":{"name":"(anonymous_6)","decl":{"start":{"line":98,"column":37},"end":{"line":98,"column":38}},"loc":{"start":{"line":98,"column":76},"end":{"line":103,"column":3}},"line":98},"7":{"name":"(anonymous_7)","decl":{"start":{"line":100,"column":12},"end":{"line":100,"column":13}},"loc":{"start":{"line":100,"column":22},"end":{"line":100,"column":71}},"line":100},"8":{"name":"(anonymous_8)","decl":{"start":{"line":101,"column":12},"end":{"line":101,"column":13}},"loc":{"start":{"line":101,"column":25},"end":{"line":101,"column":57}},"line":101},"9":{"name":"(anonymous_9)","decl":{"start":{"line":105,"column":12},"end":{"line":105,"column":13}},"loc":{"start":{"line":105,"column":18},"end":{"line":108,"column":3}},"line":105},"10":{"name":"(anonymous_10)","decl":{"start":{"line":110,"column":12},"end":{"line":110,"column":13}},"loc":{"start":{"line":110,"column":18},"end":{"line":113,"column":3}},"line":110}},"branchMap":{"0":{"loc":{"start":{"line":32,"column":2},"end":{"line":32,"column":61}},"type":"if","locations":[{"start":{"line":32,"column":2},"end":{"line":32,"column":61}},{"start":{},"end":{}}],"line":32},"1":{"loc":{"start":{"line":57,"column":6},"end":{"line":69,"column":7}},"type":"if","locations":[{"start":{"line":57,"column":6},"end":{"line":69,"column":7}},{"start":{"line":64,"column":13},"end":{"line":69,"column":7}}],"line":57},"2":{"loc":{"start":{"line":80,"column":4},"end":{"line":83,"column":5}},"type":"if","locations":[{"start":{"line":80,"column":4},"end":{"line":83,"column":5}},{"start":{},"end":{}}],"line":80},"3":{"loc":{"start":{"line":80,"column":8},"end":{"line":80,"column":50}},"type":"binary-expr","locations":[{"start":{"line":80,"column":8},"end":{"line":80,"column":25}},{"start":{"line":80,"column":29},"end":{"line":80,"column":50}}],"line":80},"4":{"loc":{"start":{"line":102,"column":11},"end":{"line":102,"column":35}},"type":"binary-expr","locations":[{"start":{"line":102,"column":11},"end":{"line":102,"column":27}},{"start":{"line":102,"column":31},"end":{"line":102,"column":35}}],"line":102}},"s":{"0":2,"1":2,"2":5,"3":5,"4":0,"5":5,"6":2,"7":5,"8":5,"9":5,"10":5,"11":5,"12":5,"13":5,"14":5,"15":1,"16":5,"17":12,"18":12,"19":12,"20":12,"21":12,"22":12,"23":12,"24":0,"25":0,"26":12,"27":5,"28":1,"29":1,"30":5,"31":2,"32":1,"33":1,"34":1,"35":1,"36":1,"37":1,"38":1,"39":0,"40":5,"41":1,"42":0,"43":1,"44":1,"45":5,"46":5,"47":5,"48":5,"49":5},"f":{"0":5,"1":5,"2":1,"3":12,"4":1,"5":2,"6":1,"7":0,"8":1,"9":5,"10":5},"b":{"0":[0,5],"1":[12,0],"2":[1,1],"3":[2,1],"4":[1,0]},"_coverageSchema":"1a1c01bbd47fc00a2c39e90264f33305004495a9","hash":"4d2f72884e7caaf08fcb981e8b9307574ae840da"}
,"/Users/samynalbandian/projects/perso/CatchUp/contexts/Contact.context.tsx": {"path":"/Users/samynalbandian/projects/perso/CatchUp/contexts/Contact.context.tsx","statementMap":{"0":{"start":{"line":17,"column":23},"end":{"line":17,"column":70}},"1":{"start":{"line":19,"column":27},"end":{"line":23,"column":1}},"2":{"start":{"line":20,"column":18},"end":{"line":20,"column":44}},"3":{"start":{"line":21,"column":2},"end":{"line":21,"column":61}},"4":{"start":{"line":21,"column":16},"end":{"line":21,"column":61}},"5":{"start":{"line":22,"column":2},"end":{"line":22,"column":17}},"6":{"start":{"line":25,"column":31},"end":{"line":80,"column":1}},"7":{"start":{"line":30,"column":6},"end":{"line":30,"column":24}},"8":{"start":{"line":31,"column":25},"end":{"line":31,"column":44}},"9":{"start":{"line":32,"column":36},"end":{"line":32,"column":54}},"10":{"start":{"line":33,"column":13},"end":{"line":33,"column":31}},"11":{"start":{"line":34,"column":29},"end":{"line":34,"column":54}},"12":{"start":{"line":36,"column":26},"end":{"line":38,"column":3}},"13":{"start":{"line":37,"column":4},"end":{"line":37,"column":21}},"14":{"start":{"line":40,"column":23},"end":{"line":43,"column":3}},"15":{"start":{"line":41,"column":20},"end":{"line":41,"column":53}},"16":{"start":{"line":42,"column":4},"end":{"line":42,"column":25}},"17":{"start":{"line":45,"column":2},"end":{"line":48,"column":9}},"18":{"start":{"line":46,"column":4},"end":{"line":46,"column":19}},"19":{"start":{"line":50,"column":23},"end":{"line":54,"column":3}},"20":{"start":{"line":51,"column":4},"end":{"line":51,"column":46}},"21":{"start":{"line":52,"column":4},"end":{"line":52,"column":47}},"22":{"start":{"line":53,"column":4},"end":{"line":53,"column":25}},"23":{"start":{"line":56,"column":23},"end":{"line":71,"column":3}},"24":{"start":{"line":57,"column":4},"end":{"line":70,"column":5}},"25":{"start":{"line":58,"column":6},"end":{"line":58,"column":53}},"26":{"start":{"line":59,"column":6},"end":{"line":59,"column":50}},"27":{"start":{"line":60,"column":6},"end":{"line":60,"column":58}},"28":{"start":{"line":61,"column":6},"end":{"line":61,"column":24}},"29":{"start":{"line":62,"column":6},"end":{"line":62,"column":27}},"30":{"start":{"line":64,"column":6},"end":{"line":64,"column":54}},"31":{"start":{"line":65,"column":6},"end":{"line":69,"column":8}},"32":{"start":{"line":73,"column":2},"end":{"line":79,"column":4}}},"fnMap":{"0":{"name":"(anonymous_0)","decl":{"start":{"line":19,"column":27},"end":{"line":19,"column":28}},"loc":{"start":{"line":19,"column":33},"end":{"line":23,"column":1}},"line":19},"1":{"name":"(anonymous_1)","decl":{"start":{"line":25,"column":31},"end":{"line":25,"column":32}},"loc":{"start":{"line":25,"column":74},"end":{"line":80,"column":1}},"line":25},"2":{"name":"(anonymous_2)","decl":{"start":{"line":36,"column":26},"end":{"line":36,"column":27}},"loc":{"start":{"line":36,"column":32},"end":{"line":38,"column":3}},"line":36},"3":{"name":"(anonymous_3)","decl":{"start":{"line":40,"column":23},"end":{"line":40,"column":24}},"loc":{"start":{"line":40,"column":35},"end":{"line":43,"column":3}},"line":40},"4":{"name":"(anonymous_4)","decl":{"start":{"line":45,"column":12},"end":{"line":45,"column":13}},"loc":{"start":{"line":45,"column":18},"end":{"line":48,"column":3}},"line":45},"5":{"name":"(anonymous_5)","decl":{"start":{"line":50,"column":23},"end":{"line":50,"column":24}},"loc":{"start":{"line":50,"column":55},"end":{"line":54,"column":3}},"line":50},"6":{"name":"(anonymous_6)","decl":{"start":{"line":56,"column":23},"end":{"line":56,"column":24}},"loc":{"start":{"line":56,"column":56},"end":{"line":71,"column":3}},"line":56}},"branchMap":{"0":{"loc":{"start":{"line":21,"column":2},"end":{"line":21,"column":61}},"type":"if","locations":[{"start":{"line":21,"column":2},"end":{"line":21,"column":61}},{"start":{},"end":{}}],"line":21}},"s":{"0":1,"1":1,"2":0,"3":0,"4":0,"5":0,"6":1,"7":0,"8":0,"9":0,"10":0,"11":0,"12":0,"13":0,"14":0,"15":0,"16":0,"17":0,"18":0,"19":0,"20":0,"21":0,"22":0,"23":0,"24":0,"25":0,"26":0,"27":0,"28":0,"29":0,"30":0,"31":0,"32":0},"f":{"0":0,"1":0,"2":0,"3":0,"4":0,"5":0,"6":0},"b":{"0":[0,0]},"_coverageSchema":"1a1c01bbd47fc00a2c39e90264f33305004495a9","hash":"6ed133d167bf348e88c3a950d6824c331cb9a045"}
,"/Users/samynalbandian/projects/perso/CatchUp/hooks/useColorScheme.ts": {"path":"/Users/samynalbandian/projects/perso/CatchUp/hooks/useColorScheme.ts","statementMap":{"0":{"start":{"line":2,"column":21},"end":{"line":2,"column":28}},"1":{"start":{"line":3,"column":20},"end":{"line":3,"column":26}},"2":{"start":{"line":7,"column":39},"end":{"line":10,"column":1}},"3":{"start":{"line":8,"column":22},"end":{"line":8,"column":38}},"4":{"start":{"line":9,"column":2},"end":{"line":9,"column":30}}},"fnMap":{"0":{"name":"(anonymous_0)","decl":{"start":{"line":7,"column":39},"end":{"line":7,"column":40}},"loc":{"start":{"line":7,"column":62},"end":{"line":10,"column":1}},"line":7}},"branchMap":{"0":{"loc":{"start":{"line":9,"column":9},"end":{"line":9,"column":29}},"type":"binary-expr","locations":[{"start":{"line":9,"column":9},"end":{"line":9,"column":20}},{"start":{"line":9,"column":24},"end":{"line":9,"column":29}}],"line":9}},"s":{"0":3,"1":3,"2":3,"3":66,"4":66},"f":{"0":66},"b":{"0":[66,0]},"_coverageSchema":"1a1c01bbd47fc00a2c39e90264f33305004495a9","hash":"ed84c1da5cc56652648a9edbabbcf6c8c3068aea"}
,"/Users/samynalbandian/projects/perso/CatchUp/hooks/useNotificatons.ts": {"path":"/Users/samynalbandian/projects/perso/CatchUp/hooks/useNotificatons.ts","statementMap":{"0":{"start":{"line":17,"column":32},"end":{"line":126,"column":1}},"1":{"start":{"line":18,"column":13},"end":{"line":18,"column":31}},"2":{"start":{"line":19,"column":31},"end":{"line":19,"column":56}},"3":{"start":{"line":20,"column":33},"end":{"line":20,"column":62}},"4":{"start":{"line":22,"column":32},"end":{"line":25,"column":3}},"5":{"start":{"line":23,"column":4},"end":{"line":23,"column":51}},"6":{"start":{"line":24,"column":4},"end":{"line":24,"column":49}},"7":{"start":{"line":27,"column":39},"end":{"line":30,"column":3}},"8":{"start":{"line":28,"column":4},"end":{"line":28,"column":59}},"9":{"start":{"line":29,"column":4},"end":{"line":29,"column":45}},"10":{"start":{"line":32,"column":45},"end":{"line":50,"column":3}},"11":{"start":{"line":33,"column":4},"end":{"line":49,"column":5}},"12":{"start":{"line":35,"column":8},"end":{"line":38,"column":9}},"13":{"start":{"line":39,"column":6},"end":{"line":43,"column":9}},"14":{"start":{"line":45,"column":6},"end":{"line":48,"column":8}},"15":{"start":{"line":52,"column":40},"end":{"line":54,"column":3}},"16":{"start":{"line":53,"column":4},"end":{"line":53,"column":64}},"17":{"start":{"line":56,"column":53},"end":{"line":69,"column":3}},"18":{"start":{"line":59,"column":4},"end":{"line":68,"column":5}},"19":{"start":{"line":60,"column":6},"end":{"line":62,"column":8}},"20":{"start":{"line":64,"column":6},"end":{"line":67,"column":8}},"21":{"start":{"line":71,"column":27},"end":{"line":101,"column":3}},"22":{"start":{"line":72,"column":4},"end":{"line":77,"column":5}},"23":{"start":{"line":73,"column":6},"end":{"line":75,"column":8}},"24":{"start":{"line":76,"column":6},"end":{"line":76,"column":13}},"25":{"start":{"line":78,"column":25},"end":{"line":78,"column":71}},"26":{"start":{"line":79,"column":4},"end":{"line":82,"column":5}},"27":{"start":{"line":80,"column":6},"end":{"line":80,"column":79}},"28":{"start":{"line":81,"column":6},"end":{"line":81,"column":13}},"29":{"start":{"line":83,"column":4},"end":{"line":100,"column":5}},"30":{"start":{"line":85,"column":8},"end":{"line":89,"column":9}},"31":{"start":{"line":90,"column":6},"end":{"line":94,"column":9}},"32":{"start":{"line":96,"column":6},"end":{"line":99,"column":8}},"33":{"start":{"line":103,"column":35},"end":{"line":115,"column":3}},"34":{"start":{"line":104,"column":25},"end":{"line":104,"column":70}},"35":{"start":{"line":105,"column":4},"end":{"line":110,"column":5}},"36":{"start":{"line":106,"column":6},"end":{"line":108,"column":8}},"37":{"start":{"line":109,"column":6},"end":{"line":109,"column":13}},"38":{"start":{"line":111,"column":4},"end":{"line":111,"column":72}},"39":{"start":{"line":112,"column":4},"end":{"line":114,"column":6}},"40":{"start":{"line":117,"column":2},"end":{"line":125,"column":4}}},"fnMap":{"0":{"name":"(anonymous_0)","decl":{"start":{"line":17,"column":32},"end":{"line":17,"column":33}},"loc":{"start":{"line":17,"column":56},"end":{"line":126,"column":1}},"line":17},"1":{"name":"(anonymous_1)","decl":{"start":{"line":22,"column":32},"end":{"line":22,"column":33}},"loc":{"start":{"line":22,"column":38},"end":{"line":25,"column":3}},"line":22},"2":{"name":"(anonymous_2)","decl":{"start":{"line":27,"column":39},"end":{"line":27,"column":40}},"loc":{"start":{"line":27,"column":45},"end":{"line":30,"column":3}},"line":27},"3":{"name":"(anonymous_3)","decl":{"start":{"line":32,"column":45},"end":{"line":32,"column":46}},"loc":{"start":{"line":32,"column":78},"end":{"line":50,"column":3}},"line":32},"4":{"name":"(anonymous_4)","decl":{"start":{"line":52,"column":40},"end":{"line":52,"column":41}},"loc":{"start":{"line":52,"column":46},"end":{"line":54,"column":3}},"line":52},"5":{"name":"(anonymous_5)","decl":{"start":{"line":56,"column":53},"end":{"line":56,"column":54}},"loc":{"start":{"line":58,"column":7},"end":{"line":69,"column":3}},"line":58},"6":{"name":"(anonymous_6)","decl":{"start":{"line":71,"column":27},"end":{"line":71,"column":28}},"loc":{"start":{"line":71,"column":79},"end":{"line":101,"column":3}},"line":71},"7":{"name":"(anonymous_7)","decl":{"start":{"line":103,"column":35},"end":{"line":103,"column":36}},"loc":{"start":{"line":103,"column":67},"end":{"line":115,"column":3}},"line":103}},"branchMap":{"0":{"loc":{"start":{"line":37,"column":10},"end":{"line":37,"column":43}},"type":"binary-expr","locations":[{"start":{"line":37,"column":10},"end":{"line":37,"column":29}},{"start":{"line":37,"column":33},"end":{"line":37,"column":43}}],"line":37},"1":{"loc":{"start":{"line":72,"column":4},"end":{"line":77,"column":5}},"type":"if","locations":[{"start":{"line":72,"column":4},"end":{"line":77,"column":5}},{"start":{},"end":{}}],"line":72},"2":{"loc":{"start":{"line":79,"column":4},"end":{"line":82,"column":5}},"type":"if","locations":[{"start":{"line":79,"column":4},"end":{"line":82,"column":5}},{"start":{},"end":{}}],"line":79},"3":{"loc":{"start":{"line":105,"column":4},"end":{"line":110,"column":5}},"type":"if","locations":[{"start":{"line":105,"column":4},"end":{"line":110,"column":5}},{"start":{},"end":{}}],"line":105}},"s":{"0":4,"1":8,"2":8,"3":8,"4":8,"5":0,"6":0,"7":8,"8":7,"9":7,"10":8,"11":0,"12":0,"13":0,"14":0,"15":8,"16":0,"17":8,"18":0,"19":0,"20":0,"21":8,"22":0,"23":0,"24":0,"25":0,"26":0,"27":0,"28":0,"29":0,"30":0,"31":0,"32":0,"33":8,"34":0,"35":0,"36":0,"37":0,"38":0,"39":0,"40":8},"f":{"0":8,"1":0,"2":7,"3":0,"4":0,"5":0,"6":0,"7":0},"b":{"0":[0,0],"1":[0,0],"2":[0,0],"3":[0,0]},"_coverageSchema":"1a1c01bbd47fc00a2c39e90264f33305004495a9","hash":"6f9db52e17d5c6c1cafa8c962fd1ab72594f33db"}
,"/Users/samynalbandian/projects/perso/CatchUp/hooks/useThemeColor.ts": {"path":"/Users/samynalbandian/projects/perso/CatchUp/hooks/useThemeColor.ts","statementMap":{"0":{"start":{"line":16,"column":16},"end":{"line":16,"column":41}},"1":{"start":{"line":17,"column":25},"end":{"line":17,"column":37}},"2":{"start":{"line":19,"column":2},"end":{"line":23,"column":3}},"3":{"start":{"line":20,"column":4},"end":{"line":20,"column":26}},"4":{"start":{"line":22,"column":4},"end":{"line":22,"column":36}}},"fnMap":{"0":{"name":"useThemeColor","decl":{"start":{"line":9,"column":16},"end":{"line":9,"column":29}},"loc":{"start":{"line":15,"column":2},"end":{"line":24,"column":1}},"line":15}},"branchMap":{"0":{"loc":{"start":{"line":11,"column":2},"end":{"line":14,"column":3}},"type":"default-arg","locations":[{"start":{"line":11,"column":45},"end":{"line":14,"column":3}}],"line":11},"1":{"loc":{"start":{"line":19,"column":2},"end":{"line":23,"column":3}},"type":"if","locations":[{"start":{"line":19,"column":2},"end":{"line":23,"column":3}},{"start":{"line":21,"column":9},"end":{"line":23,"column":3}}],"line":19}},"s":{"0":28,"1":28,"2":28,"3":0,"4":28},"f":{"0":28},"b":{"0":[0],"1":[0,28]},"_coverageSchema":"1a1c01bbd47fc00a2c39e90264f33305004495a9","hash":"545080f044ce674230d89d7ace24ea1c53ffed75"}
,"/Users/samynalbandian/projects/perso/CatchUp/repositories/index.ts": {"path":"/Users/samynalbandian/projects/perso/CatchUp/repositories/index.ts","statementMap":{},"fnMap":{},"branchMap":{},"s":{},"f":{},"b":{},"_coverageSchema":"1a1c01bbd47fc00a2c39e90264f33305004495a9","hash":"3d0d3b988d113ec98e95b03098826941566c7ddf"}
,"/Users/samynalbandian/projects/perso/CatchUp/repositories/check-ins/CheckInEntity.ts": {"path":"/Users/samynalbandian/projects/perso/CatchUp/repositories/check-ins/CheckInEntity.ts","statementMap":{},"fnMap":{},"branchMap":{},"s":{},"f":{},"b":{},"_coverageSchema":"1a1c01bbd47fc00a2c39e90264f33305004495a9","hash":"6f9d0eed9ffbabeb1131986135fb15c44e4a241b"}
,"/Users/samynalbandian/projects/perso/CatchUp/repositories/check-ins/CheckIns.repository.ts": {"path":"/Users/samynalbandian/projects/perso/CatchUp/repositories/check-ins/CheckIns.repository.ts","statementMap":{"0":{"start":{"line":6,"column":29},"end":{"line":6,"column":42}},"1":{"start":{"line":21,"column":31},"end":{"line":21,"column":42}},"2":{"start":{"line":25,"column":4},"end":{"line":25,"column":73}},"3":{"start":{"line":32,"column":26},"end":{"line":32,"column":76}},"4":{"start":{"line":33,"column":4},"end":{"line":43,"column":6}},"5":{"start":{"line":47,"column":16},"end":{"line":54,"column":5}},"6":{"start":{"line":55,"column":4},"end":{"line":57,"column":5}},"7":{"start":{"line":56,"column":6},"end":{"line":56,"column":13}},"8":{"start":{"line":58,"column":4},"end":{"line":60,"column":6}},"9":{"start":{"line":66,"column":4},"end":{"line":68,"column":5}},"10":{"start":{"line":67,"column":6},"end":{"line":67,"column":18}},"11":{"start":{"line":70,"column":6},"end":{"line":73,"column":15}},"12":{"start":{"line":74,"column":4},"end":{"line":76,"column":5}},"13":{"start":{"line":75,"column":6},"end":{"line":75,"column":18}},"14":{"start":{"line":77,"column":4},"end":{"line":77,"column":15}},"15":{"start":{"line":81,"column":4},"end":{"line":91,"column":5}},"16":{"start":{"line":82,"column":6},"end":{"line":85,"column":8}},"17":{"start":{"line":87,"column":6},"end":{"line":90,"column":8}},"18":{"start":{"line":95,"column":4},"end":{"line":99,"column":6}},"19":{"start":{"line":103,"column":37},"end":{"line":107,"column":1}},"20":{"start":{"line":106,"column":2},"end":{"line":106,"column":41}}},"fnMap":{"0":{"name":"(anonymous_0)","decl":{"start":{"line":23,"column":2},"end":{"line":23,"column":3}},"loc":{"start":{"line":23,"column":58},"end":{"line":23,"column":60}},"line":23},"1":{"name":"(anonymous_1)","decl":{"start":{"line":24,"column":2},"end":{"line":24,"column":3}},"loc":{"start":{"line":24,"column":35},"end":{"line":26,"column":3}},"line":24},"2":{"name":"(anonymous_2)","decl":{"start":{"line":28,"column":2},"end":{"line":28,"column":3}},"loc":{"start":{"line":31,"column":13},"end":{"line":44,"column":3}},"line":31},"3":{"name":"(anonymous_3)","decl":{"start":{"line":46,"column":2},"end":{"line":46,"column":3}},"loc":{"start":{"line":46,"column":56},"end":{"line":61,"column":3}},"line":46},"4":{"name":"(anonymous_4)","decl":{"start":{"line":63,"column":2},"end":{"line":63,"column":3}},"loc":{"start":{"line":65,"column":26},"end":{"line":78,"column":3}},"line":65},"5":{"name":"(anonymous_5)","decl":{"start":{"line":80,"column":2},"end":{"line":80,"column":3}},"loc":{"start":{"line":80,"column":67},"end":{"line":92,"column":3}},"line":80},"6":{"name":"(anonymous_6)","decl":{"start":{"line":94,"column":2},"end":{"line":94,"column":3}},"loc":{"start":{"line":94,"column":43},"end":{"line":100,"column":3}},"line":94},"7":{"name":"(anonymous_7)","decl":{"start":{"line":103,"column":37},"end":{"line":103,"column":38}},"loc":{"start":{"line":105,"column":25},"end":{"line":107,"column":1}},"line":105}},"branchMap":{"0":{"loc":{"start":{"line":34,"column":6},"end":{"line":42,"column":16}},"type":"binary-expr","locations":[{"start":{"line":34,"column":6},"end":{"line":42,"column":7}},{"start":{"line":42,"column":11},"end":{"line":42,"column":16}}],"line":34},"1":{"loc":{"start":{"line":52,"column":8},"end":{"line":52,"column":34}},"type":"binary-expr","locations":[{"start":{"line":52,"column":8},"end":{"line":52,"column":28}},{"start":{"line":52,"column":32},"end":{"line":52,"column":34}}],"line":52},"2":{"loc":{"start":{"line":55,"column":4},"end":{"line":57,"column":5}},"type":"if","locations":[{"start":{"line":55,"column":4},"end":{"line":57,"column":5}},{"start":{},"end":{}}],"line":55},"3":{"loc":{"start":{"line":66,"column":4},"end":{"line":68,"column":5}},"type":"if","locations":[{"start":{"line":66,"column":4},"end":{"line":68,"column":5}},{"start":{},"end":{}}],"line":66},"4":{"loc":{"start":{"line":70,"column":6},"end":{"line":73,"column":15}},"type":"binary-expr","locations":[{"start":{"line":70,"column":6},"end":{"line":73,"column":7}},{"start":{"line":73,"column":11},"end":{"line":73,"column":15}}],"line":70},"5":{"loc":{"start":{"line":74,"column":4},"end":{"line":76,"column":5}},"type":"if","locations":[{"start":{"line":74,"column":4},"end":{"line":76,"column":5}},{"start":{},"end":{}}],"line":74},"6":{"loc":{"start":{"line":96,"column":6},"end":{"line":98,"column":13}},"type":"binary-expr","locations":[{"start":{"line":96,"column":6},"end":{"line":98,"column":7}},{"start":{"line":98,"column":11},"end":{"line":98,"column":13}}],"line":96}},"s":{"0":2,"1":2,"2":0,"3":0,"4":0,"5":0,"6":0,"7":0,"8":0,"9":0,"10":0,"11":0,"12":0,"13":0,"14":0,"15":0,"16":0,"17":0,"18":0,"19":2,"20":0},"f":{"0":0,"1":0,"2":0,"3":0,"4":0,"5":0,"6":0,"7":0},"b":{"0":[0,0],"1":[0,0],"2":[0,0],"3":[0,0],"4":[0,0],"5":[0,0],"6":[0,0]},"_coverageSchema":"1a1c01bbd47fc00a2c39e90264f33305004495a9","hash":"bce81cfd90803a6e215866fae10ee8951071ba88"}
,"/Users/samynalbandian/projects/perso/CatchUp/repositories/contacts/ContactEntity.ts": {"path":"/Users/samynalbandian/projects/perso/CatchUp/repositories/contacts/ContactEntity.ts","statementMap":{"0":{"start":{"line":24,"column":38},"end":{"line":39,"column":1}},"1":{"start":{"line":30,"column":2},"end":{"line":32,"column":3}},"2":{"start":{"line":31,"column":4},"end":{"line":31,"column":50}},"3":{"start":{"line":33,"column":2},"end":{"line":38,"column":4}}},"fnMap":{"0":{"name":"(anonymous_0)","decl":{"start":{"line":24,"column":38},"end":{"line":24,"column":39}},"loc":{"start":{"line":29,"column":50},"end":{"line":39,"column":1}},"line":29}},"branchMap":{"0":{"loc":{"start":{"line":30,"column":2},"end":{"line":32,"column":3}},"type":"if","locations":[{"start":{"line":30,"column":2},"end":{"line":32,"column":3}},{"start":{},"end":{}}],"line":30}},"s":{"0":3,"1":0,"2":0,"3":0},"f":{"0":0},"b":{"0":[0,0]},"_coverageSchema":"1a1c01bbd47fc00a2c39e90264f33305004495a9","hash":"3a59c8be21823ba4b042ca82dc8c60eb29955757"}
,"/Users/samynalbandian/projects/perso/CatchUp/repositories/contacts/Contacts.repository.ts": {"path":"/Users/samynalbandian/projects/perso/CatchUp/repositories/contacts/Contacts.repository.ts","statementMap":{"0":{"start":{"line":12,"column":29},"end":{"line":12,"column":42}},"1":{"start":{"line":25,"column":31},"end":{"line":25,"column":41}},"2":{"start":{"line":30,"column":4},"end":{"line":34,"column":5}},"3":{"start":{"line":31,"column":6},"end":{"line":33,"column":8}},"4":{"start":{"line":35,"column":16},"end":{"line":38,"column":5}},"5":{"start":{"line":39,"column":4},"end":{"line":41,"column":5}},"6":{"start":{"line":40,"column":6},"end":{"line":40,"column":78}},"7":{"start":{"line":43,"column":4},"end":{"line":43,"column":25}},"8":{"start":{"line":47,"column":4},"end":{"line":52,"column":5}},"9":{"start":{"line":48,"column":6},"end":{"line":51,"column":8}},"10":{"start":{"line":53,"column":4},"end":{"line":56,"column":6}},"11":{"start":{"line":57,"column":4},"end":{"line":57,"column":27}},"12":{"start":{"line":61,"column":19},"end":{"line":64,"column":5}},"13":{"start":{"line":65,"column":4},"end":{"line":67,"column":5}},"14":{"start":{"line":66,"column":6},"end":{"line":66,"column":18}},"15":{"start":{"line":68,"column":27},"end":{"line":68,"column":71}},"16":{"start":{"line":69,"column":4},"end":{"line":71,"column":5}},"17":{"start":{"line":70,"column":6},"end":{"line":70,"column":78}},"18":{"start":{"line":72,"column":4},"end":{"line":77,"column":7}},"19":{"start":{"line":81,"column":19},"end":{"line":81,"column":44}},"20":{"start":{"line":82,"column":38},"end":{"line":84,"column":5}},"21":{"start":{"line":85,"column":4},"end":{"line":108,"column":5}},"22":{"start":{"line":87,"column":8},"end":{"line":93,"column":10}},"23":{"start":{"line":94,"column":6},"end":{"line":99,"column":7}},"24":{"start":{"line":95,"column":8},"end":{"line":97,"column":10}},"25":{"start":{"line":98,"column":8},"end":{"line":98,"column":17}},"26":{"start":{"line":100,"column":6},"end":{"line":107,"column":8}},"27":{"start":{"line":109,"column":4},"end":{"line":109,"column":18}},"28":{"start":{"line":113,"column":4},"end":{"line":116,"column":6}},"29":{"start":{"line":120,"column":37},"end":{"line":122,"column":1}},"30":{"start":{"line":121,"column":2},"end":{"line":121,"column":33}}},"fnMap":{"0":{"name":"(anonymous_0)","decl":{"start":{"line":23,"column":2},"end":{"line":23,"column":3}},"loc":{"start":{"line":23,"column":58},"end":{"line":23,"column":60}},"line":23},"1":{"name":"(anonymous_1)","decl":{"start":{"line":27,"column":2},"end":{"line":27,"column":3}},"loc":{"start":{"line":29,"column":27},"end":{"line":44,"column":3}},"line":29},"2":{"name":"(anonymous_2)","decl":{"start":{"line":46,"column":2},"end":{"line":46,"column":3}},"loc":{"start":{"line":46,"column":76},"end":{"line":58,"column":3}},"line":46},"3":{"name":"(anonymous_3)","decl":{"start":{"line":60,"column":2},"end":{"line":60,"column":3}},"loc":{"start":{"line":60,"column":75},"end":{"line":78,"column":3}},"line":60},"4":{"name":"(anonymous_4)","decl":{"start":{"line":80,"column":2},"end":{"line":80,"column":3}},"loc":{"start":{"line":80,"column":49},"end":{"line":110,"column":3}},"line":80},"5":{"name":"(anonymous_5)","decl":{"start":{"line":112,"column":2},"end":{"line":112,"column":3}},"loc":{"start":{"line":112,"column":56},"end":{"line":117,"column":3}},"line":112},"6":{"name":"(anonymous_6)","decl":{"start":{"line":120,"column":37},"end":{"line":120,"column":38}},"loc":{"start":{"line":120,"column":68},"end":{"line":122,"column":1}},"line":120}},"branchMap":{"0":{"loc":{"start":{"line":30,"column":4},"end":{"line":34,"column":5}},"type":"if","locations":[{"start":{"line":30,"column":4},"end":{"line":34,"column":5}},{"start":{},"end":{}}],"line":30},"1":{"loc":{"start":{"line":39,"column":4},"end":{"line":41,"column":5}},"type":"if","locations":[{"start":{"line":39,"column":4},"end":{"line":41,"column":5}},{"start":{},"end":{}}],"line":39},"2":{"loc":{"start":{"line":47,"column":4},"end":{"line":52,"column":5}},"type":"if","locations":[{"start":{"line":47,"column":4},"end":{"line":52,"column":5}},{"start":{},"end":{}}],"line":47},"3":{"loc":{"start":{"line":65,"column":4},"end":{"line":67,"column":5}},"type":"if","locations":[{"start":{"line":65,"column":4},"end":{"line":67,"column":5}},{"start":{},"end":{}}],"line":65},"4":{"loc":{"start":{"line":69,"column":4},"end":{"line":71,"column":5}},"type":"if","locations":[{"start":{"line":69,"column":4},"end":{"line":71,"column":5}},{"start":{},"end":{}}],"line":69},"5":{"loc":{"start":{"line":94,"column":6},"end":{"line":99,"column":7}},"type":"if","locations":[{"start":{"line":94,"column":6},"end":{"line":99,"column":7}},{"start":{},"end":{}}],"line":94}},"s":{"0":3,"1":3,"2":0,"3":0,"4":0,"5":0,"6":0,"7":0,"8":0,"9":0,"10":0,"11":0,"12":0,"13":0,"14":0,"15":0,"16":0,"17":0,"18":0,"19":0,"20":0,"21":0,"22":0,"23":0,"24":0,"25":0,"26":0,"27":0,"28":0,"29":3,"30":0},"f":{"0":0,"1":0,"2":0,"3":0,"4":0,"5":0,"6":0},"b":{"0":[0,0],"1":[0,0],"2":[0,0],"3":[0,0],"4":[0,0],"5":[0,0]},"_coverageSchema":"1a1c01bbd47fc00a2c39e90264f33305004495a9","hash":"36015c61bc1154b852a4b38b494874216ecbae26"}
,"/Users/samynalbandian/projects/perso/CatchUp/repositories/contacts/ReminderFrequency.ts": {"path":"/Users/samynalbandian/projects/perso/CatchUp/repositories/contacts/ReminderFrequency.ts","statementMap":{"0":{"start":{"line":11,"column":32},"end":{"line":20,"column":1}},"1":{"start":{"line":15,"column":4},"end":{"line":15,"column":77}},"2":{"start":{"line":16,"column":2},"end":{"line":19,"column":4}},"3":{"start":{"line":22,"column":35},"end":{"line":31,"column":10}},"4":{"start":{"line":35,"column":39},"end":{"line":40,"column":2}},"5":{"start":{"line":37,"column":51},"end":{"line":40,"column":1}},"6":{"start":{"line":42,"column":43},"end":{"line":63,"column":1}},"7":{"start":{"line":45,"column":2},"end":{"line":62,"column":3}},"8":{"start":{"line":47,"column":6},"end":{"line":47,"column":25}},"9":{"start":{"line":49,"column":6},"end":{"line":49,"column":26}},"10":{"start":{"line":51,"column":6},"end":{"line":51,"column":29}},"11":{"start":{"line":53,"column":6},"end":{"line":53,"column":27}},"12":{"start":{"line":55,"column":6},"end":{"line":55,"column":30}},"13":{"start":{"line":57,"column":6},"end":{"line":57,"column":30}},"14":{"start":{"line":59,"column":6},"end":{"line":59,"column":26}},"15":{"start":{"line":61,"column":6},"end":{"line":61,"column":21}},"16":{"start":{"line":65,"column":55},"end":{"line":67,"column":1}},"17":{"start":{"line":69,"column":36},"end":{"line":88,"column":1}},"18":{"start":{"line":70,"column":2},"end":{"line":87,"column":3}},"19":{"start":{"line":72,"column":6},"end":{"line":72,"column":23}},"20":{"start":{"line":74,"column":6},"end":{"line":74,"column":22}},"21":{"start":{"line":76,"column":6},"end":{"line":76,"column":22}},"22":{"start":{"line":78,"column":6},"end":{"line":78,"column":22}},"23":{"start":{"line":80,"column":6},"end":{"line":80,"column":24}},"24":{"start":{"line":82,"column":6},"end":{"line":82,"column":24}},"25":{"start":{"line":84,"column":6},"end":{"line":84,"column":23}},"26":{"start":{"line":86,"column":6},"end":{"line":86,"column":21}},"27":{"start":{"line":90,"column":30},"end":{"line":95,"column":1}},"28":{"start":{"line":91,"column":16},"end":{"line":91,"column":78}},"29":{"start":{"line":92,"column":20},"end":{"line":92,"column":34}},"30":{"start":{"line":93,"column":23},"end":{"line":93,"column":48}},"31":{"start":{"line":94,"column":2},"end":{"line":94,"column":51}},"32":{"start":{"line":97,"column":35},"end":{"line":152,"column":1}},"33":{"start":{"line":101,"column":21},"end":{"line":105,"column":4}},"34":{"start":{"line":106,"column":23},"end":{"line":106,"column":62}},"35":{"start":{"line":107,"column":53},"end":{"line":113,"column":3}},"36":{"start":{"line":114,"column":2},"end":{"line":151,"column":3}},"37":{"start":{"line":116,"column":6},"end":{"line":116,"column":30}},"38":{"start":{"line":118,"column":6},"end":{"line":121,"column":8}},"39":{"start":{"line":123,"column":6},"end":{"line":126,"column":8}},"40":{"start":{"line":128,"column":6},"end":{"line":132,"column":8}},"41":{"start":{"line":134,"column":6},"end":{"line":138,"column":8}},"42":{"start":{"line":140,"column":6},"end":{"line":144,"column":8}},"43":{"start":{"line":146,"column":6},"end":{"line":150,"column":8}},"44":{"start":{"line":154,"column":38},"end":{"line":159,"column":1}}},"fnMap":{"0":{"name":"(anonymous_0)","decl":{"start":{"line":11,"column":32},"end":{"line":11,"column":33}},"loc":{"start":{"line":13,"column":13},"end":{"line":20,"column":1}},"line":13},"1":{"name":"(anonymous_1)","decl":{"start":{"line":35,"column":39},"end":{"line":35,"column":40}},"loc":{"start":{"line":37,"column":51},"end":{"line":40,"column":1}},"line":37},"2":{"name":"(anonymous_2)","decl":{"start":{"line":42,"column":43},"end":{"line":42,"column":44}},"loc":{"start":{"line":44,"column":13},"end":{"line":63,"column":1}},"line":44},"3":{"name":"(anonymous_3)","decl":{"start":{"line":69,"column":36},"end":{"line":69,"column":37}},"loc":{"start":{"line":69,"column":78},"end":{"line":88,"column":1}},"line":69},"4":{"name":"(anonymous_4)","decl":{"start":{"line":90,"column":30},"end":{"line":90,"column":31}},"loc":{"start":{"line":90,"column":61},"end":{"line":95,"column":1}},"line":90},"5":{"name":"(anonymous_5)","decl":{"start":{"line":97,"column":35},"end":{"line":97,"column":36}},"loc":{"start":{"line":100,"column":31},"end":{"line":152,"column":1}},"line":100}},"branchMap":{"0":{"loc":{"start":{"line":45,"column":2},"end":{"line":62,"column":3}},"type":"switch","locations":[{"start":{"line":46,"column":4},"end":{"line":47,"column":25}},{"start":{"line":48,"column":4},"end":{"line":49,"column":26}},{"start":{"line":50,"column":4},"end":{"line":51,"column":29}},{"start":{"line":52,"column":4},"end":{"line":53,"column":27}},{"start":{"line":54,"column":4},"end":{"line":55,"column":30}},{"start":{"line":56,"column":4},"end":{"line":57,"column":30}},{"start":{"line":58,"column":4},"end":{"line":59,"column":26}},{"start":{"line":60,"column":4},"end":{"line":61,"column":21}}],"line":45},"1":{"loc":{"start":{"line":70,"column":2},"end":{"line":87,"column":3}},"type":"switch","locations":[{"start":{"line":71,"column":4},"end":{"line":72,"column":23}},{"start":{"line":73,"column":4},"end":{"line":74,"column":22}},{"start":{"line":75,"column":4},"end":{"line":76,"column":22}},{"start":{"line":77,"column":4},"end":{"line":78,"column":22}},{"start":{"line":79,"column":4},"end":{"line":80,"column":24}},{"start":{"line":81,"column":4},"end":{"line":82,"column":24}},{"start":{"line":83,"column":4},"end":{"line":84,"column":23}},{"start":{"line":85,"column":4},"end":{"line":86,"column":21}}],"line":70},"2":{"loc":{"start":{"line":114,"column":2},"end":{"line":151,"column":3}},"type":"switch","locations":[{"start":{"line":115,"column":4},"end":{"line":116,"column":30}},{"start":{"line":117,"column":4},"end":{"line":121,"column":8}},{"start":{"line":122,"column":4},"end":{"line":126,"column":8}},{"start":{"line":127,"column":4},"end":{"line":132,"column":8}},{"start":{"line":133,"column":4},"end":{"line":138,"column":8}},{"start":{"line":139,"column":4},"end":{"line":144,"column":8}},{"start":{"line":145,"column":4},"end":{"line":150,"column":8}}],"line":114}},"s":{"0":3,"1":2,"2":2,"3":3,"4":3,"5":24,"6":3,"7":24,"8":3,"9":3,"10":3,"11":3,"12":3,"13":3,"14":3,"15":3,"16":3,"17":3,"18":0,"19":0,"20":0,"21":0,"22":0,"23":0,"24":0,"25":0,"26":0,"27":3,"28":0,"29":0,"30":0,"31":0,"32":3,"33":0,"34":0,"35":0,"36":0,"37":0,"38":0,"39":0,"40":0,"41":0,"42":0,"43":0,"44":3},"f":{"0":2,"1":24,"2":24,"3":0,"4":0,"5":0},"b":{"0":[3,3,3,3,3,3,3,3],"1":[0,0,0,0,0,0,0,0],"2":[0,0,0,0,0,0,0]},"_coverageSchema":"1a1c01bbd47fc00a2c39e90264f33305004495a9","hash":"f897efe043d614f9e51beaae0258d981fe7ea525"}
,"/Users/samynalbandian/projects/perso/CatchUp/repositories/notifications/Notification.repository.ts": {"path":"/Users/samynalbandian/projects/perso/CatchUp/repositories/notifications/Notification.repository.ts","statementMap":{"0":{"start":{"line":15,"column":31},"end":{"line":15,"column":46}},"1":{"start":{"line":20,"column":4},"end":{"line":22,"column":5}},"2":{"start":{"line":21,"column":6},"end":{"line":21,"column":78}},"3":{"start":{"line":23,"column":16},"end":{"line":30,"column":5}},"4":{"start":{"line":31,"column":4},"end":{"line":35,"column":5}},"5":{"start":{"line":32,"column":6},"end":{"line":34,"column":8}},"6":{"start":{"line":36,"column":4},"end":{"line":36,"column":30}},"7":{"start":{"line":40,"column":4},"end":{"line":44,"column":6}},"8":{"start":{"line":45,"column":16},"end":{"line":48,"column":5}},"9":{"start":{"line":49,"column":4},"end":{"line":51,"column":5}},"10":{"start":{"line":50,"column":6},"end":{"line":50,"column":18}},"11":{"start":{"line":52,"column":4},"end":{"line":52,"column":15}},"12":{"start":{"line":56,"column":4},"end":{"line":58,"column":5}},"13":{"start":{"line":57,"column":6},"end":{"line":57,"column":80}},"14":{"start":{"line":59,"column":16},"end":{"line":66,"column":5}},"15":{"start":{"line":67,"column":4},"end":{"line":71,"column":5}},"16":{"start":{"line":68,"column":6},"end":{"line":70,"column":8}},"17":{"start":{"line":75,"column":4},"end":{"line":78,"column":6}},"18":{"start":{"line":82,"column":4},"end":{"line":82,"column":65}},"19":{"start":{"line":86,"column":41},"end":{"line":88,"column":1}},"20":{"start":{"line":87,"column":2},"end":{"line":87,"column":33}}},"fnMap":{"0":{"name":"(anonymous_0)","decl":{"start":{"line":17,"column":2},"end":{"line":17,"column":3}},"loc":{"start":{"line":17,"column":58},"end":{"line":17,"column":60}},"line":17},"1":{"name":"(anonymous_1)","decl":{"start":{"line":19,"column":2},"end":{"line":19,"column":3}},"loc":{"start":{"line":19,"column":62},"end":{"line":37,"column":3}},"line":19},"2":{"name":"(anonymous_2)","decl":{"start":{"line":39,"column":2},"end":{"line":39,"column":3}},"loc":{"start":{"line":39,"column":70},"end":{"line":53,"column":3}},"line":39},"3":{"name":"(anonymous_3)","decl":{"start":{"line":55,"column":2},"end":{"line":55,"column":3}},"loc":{"start":{"line":55,"column":64},"end":{"line":72,"column":3}},"line":55},"4":{"name":"(anonymous_4)","decl":{"start":{"line":74,"column":2},"end":{"line":74,"column":3}},"loc":{"start":{"line":74,"column":56},"end":{"line":79,"column":3}},"line":74},"5":{"name":"(anonymous_5)","decl":{"start":{"line":81,"column":2},"end":{"line":81,"column":3}},"loc":{"start":{"line":81,"column":33},"end":{"line":83,"column":3}},"line":81},"6":{"name":"(anonymous_6)","decl":{"start":{"line":86,"column":41},"end":{"line":86,"column":42}},"loc":{"start":{"line":86,"column":72},"end":{"line":88,"column":1}},"line":86}},"branchMap":{"0":{"loc":{"start":{"line":20,"column":4},"end":{"line":22,"column":5}},"type":"if","locations":[{"start":{"line":20,"column":4},"end":{"line":22,"column":5}},{"start":{},"end":{}}],"line":20},"1":{"loc":{"start":{"line":20,"column":8},"end":{"line":20,"column":77}},"type":"binary-expr","locations":[{"start":{"line":20,"column":8},"end":{"line":20,"column":38}},{"start":{"line":20,"column":42},"end":{"line":20,"column":77}}],"line":20},"2":{"loc":{"start":{"line":31,"column":4},"end":{"line":35,"column":5}},"type":"if","locations":[{"start":{"line":31,"column":4},"end":{"line":35,"column":5}},{"start":{},"end":{}}],"line":31},"3":{"loc":{"start":{"line":49,"column":4},"end":{"line":51,"column":5}},"type":"if","locations":[{"start":{"line":49,"column":4},"end":{"line":51,"column":5}},{"start":{},"end":{}}],"line":49},"4":{"loc":{"start":{"line":56,"column":4},"end":{"line":58,"column":5}},"type":"if","locations":[{"start":{"line":56,"column":4},"end":{"line":58,"column":5}},{"start":{},"end":{}}],"line":56},"5":{"loc":{"start":{"line":56,"column":8},"end":{"line":56,"column":77}},"type":"binary-expr","locations":[{"start":{"line":56,"column":8},"end":{"line":56,"column":38}},{"start":{"line":56,"column":42},"end":{"line":56,"column":77}}],"line":56},"6":{"loc":{"start":{"line":67,"column":4},"end":{"line":71,"column":5}},"type":"if","locations":[{"start":{"line":67,"column":4},"end":{"line":71,"column":5}},{"start":{},"end":{}}],"line":67}},"s":{"0":4,"1":0,"2":0,"3":0,"4":0,"5":0,"6":0,"7":0,"8":0,"9":0,"10":0,"11":0,"12":0,"13":0,"14":0,"15":0,"16":0,"17":0,"18":0,"19":4,"20":8},"f":{"0":8,"1":0,"2":0,"3":0,"4":0,"5":0,"6":8},"b":{"0":[0,0],"1":[0,0],"2":[0,0],"3":[0,0],"4":[0,0],"5":[0,0],"6":[0,0]},"_coverageSchema":"1a1c01bbd47fc00a2c39e90264f33305004495a9","hash":"119be3c789f33b7bd48578212ac7dce7a746da63"}
,"/Users/samynalbandian/projects/perso/CatchUp/services/log.service.ts": {"path":"/Users/samynalbandian/projects/perso/CatchUp/services/log.service.ts","statementMap":{"0":{"start":{"line":1,"column":26},"end":{"line":7,"column":1}}},"fnMap":{},"branchMap":{},"s":{"0":8},"f":{},"b":{},"_coverageSchema":"1a1c01bbd47fc00a2c39e90264f33305004495a9","hash":"5fc61e83c791bbd3866aa7eb56c6e6938fb68008"}
,"/Users/samynalbandian/projects/perso/CatchUp/store/CheckinNote.store.ts": {"path":"/Users/samynalbandian/projects/perso/CatchUp/store/CheckinNote.store.ts","statementMap":{"0":{"start":{"line":18,"column":24},"end":{"line":40,"column":3}},"1":{"start":{"line":18,"column":66},"end":{"line":40,"column":1}},"2":{"start":{"line":24,"column":4},"end":{"line":24,"column":37}},"3":{"start":{"line":24,"column":15},"end":{"line":24,"column":35}},"4":{"start":{"line":26,"column":4},"end":{"line":29,"column":6}},"5":{"start":{"line":27,"column":6},"end":{"line":27,"column":59}},"6":{"start":{"line":28,"column":6},"end":{"line":28,"column":54}},"7":{"start":{"line":30,"column":20},"end":{"line":30,"column":58}},"8":{"start":{"line":30,"column":31},"end":{"line":30,"column":56}},"9":{"start":{"line":31,"column":43},"end":{"line":31,"column":71}},"10":{"start":{"line":31,"column":54},"end":{"line":31,"column":69}},"11":{"start":{"line":32,"column":41},"end":{"line":32,"column":69}},"12":{"start":{"line":32,"column":52},"end":{"line":32,"column":67}},"13":{"start":{"line":34,"column":4},"end":{"line":39,"column":7}},"14":{"start":{"line":34,"column":19},"end":{"line":39,"column":5}},"15":{"start":{"line":42,"column":34},"end":{"line":42,"column":65}},"16":{"start":{"line":42,"column":40},"end":{"line":42,"column":65}},"17":{"start":{"line":44,"column":33},"end":{"line":45,"column":60}},"18":{"start":{"line":45,"column":2},"end":{"line":45,"column":60}},"19":{"start":{"line":45,"column":39},"end":{"line":45,"column":59}},"20":{"start":{"line":46,"column":30},"end":{"line":47,"column":60}},"21":{"start":{"line":47,"column":2},"end":{"line":47,"column":60}},"22":{"start":{"line":47,"column":39},"end":{"line":47,"column":59}},"23":{"start":{"line":48,"column":38},"end":{"line":49,"column":65}},"24":{"start":{"line":49,"column":2},"end":{"line":49,"column":65}},"25":{"start":{"line":49,"column":39},"end":{"line":49,"column":64}},"26":{"start":{"line":51,"column":33},"end":{"line":57,"column":1}},"27":{"start":{"line":52,"column":22},"end":{"line":52,"column":38}},"28":{"start":{"line":53,"column":22},"end":{"line":53,"column":38}},"29":{"start":{"line":54,"column":27},"end":{"line":54,"column":48}},"30":{"start":{"line":55,"column":25},"end":{"line":55,"column":44}},"31":{"start":{"line":56,"column":2},"end":{"line":56,"column":72}},"32":{"start":{"line":59,"column":45},"end":{"line":65,"column":1}},"33":{"start":{"line":60,"column":20},"end":{"line":60,"column":34}},"34":{"start":{"line":61,"column":21},"end":{"line":61,"column":36}},"35":{"start":{"line":62,"column":25},"end":{"line":62,"column":44}},"36":{"start":{"line":64,"column":2},"end":{"line":64,"column":51}},"37":{"start":{"line":67,"column":23},"end":{"line":68,"column":57}},"38":{"start":{"line":68,"column":2},"end":{"line":68,"column":57}},"39":{"start":{"line":68,"column":39},"end":{"line":68,"column":56}},"40":{"start":{"line":69,"column":23},"end":{"line":70,"column":57}},"41":{"start":{"line":70,"column":2},"end":{"line":70,"column":57}},"42":{"start":{"line":70,"column":39},"end":{"line":70,"column":56}},"43":{"start":{"line":71,"column":28},"end":{"line":72,"column":62}},"44":{"start":{"line":72,"column":2},"end":{"line":72,"column":62}},"45":{"start":{"line":72,"column":39},"end":{"line":72,"column":61}},"46":{"start":{"line":74,"column":22},"end":{"line":75,"column":56}},"47":{"start":{"line":75,"column":2},"end":{"line":75,"column":56}},"48":{"start":{"line":75,"column":39},"end":{"line":75,"column":55}},"49":{"start":{"line":76,"column":21},"end":{"line":77,"column":55}},"50":{"start":{"line":77,"column":2},"end":{"line":77,"column":55}},"51":{"start":{"line":77,"column":39},"end":{"line":77,"column":54}},"52":{"start":{"line":78,"column":26},"end":{"line":79,"column":60}},"53":{"start":{"line":79,"column":2},"end":{"line":79,"column":60}},"54":{"start":{"line":79,"column":39},"end":{"line":79,"column":59}}},"fnMap":{"0":{"name":"(anonymous_0)","decl":{"start":{"line":18,"column":56},"end":{"line":18,"column":57}},"loc":{"start":{"line":18,"column":66},"end":{"line":40,"column":1}},"line":18},"1":{"name":"(anonymous_1)","decl":{"start":{"line":23,"column":23},"end":{"line":23,"column":24}},"loc":{"start":{"line":24,"column":4},"end":{"line":24,"column":37}},"line":24},"2":{"name":"(anonymous_2)","decl":{"start":{"line":24,"column":8},"end":{"line":24,"column":9}},"loc":{"start":{"line":24,"column":15},"end":{"line":24,"column":35}},"line":24},"3":{"name":"(anonymous_3)","decl":{"start":{"line":25,"column":13},"end":{"line":25,"column":14}},"loc":{"start":{"line":26,"column":4},"end":{"line":29,"column":6}},"line":26},"4":{"name":"(anonymous_4)","decl":{"start":{"line":26,"column":8},"end":{"line":26,"column":9}},"loc":{"start":{"line":26,"column":18},"end":{"line":29,"column":5}},"line":26},"5":{"name":"(anonymous_5)","decl":{"start":{"line":30,"column":14},"end":{"line":30,"column":15}},"loc":{"start":{"line":30,"column":20},"end":{"line":30,"column":58}},"line":30},"6":{"name":"(anonymous_6)","decl":{"start":{"line":30,"column":24},"end":{"line":30,"column":25}},"loc":{"start":{"line":30,"column":31},"end":{"line":30,"column":56}},"line":30},"7":{"name":"(anonymous_7)","decl":{"start":{"line":31,"column":18},"end":{"line":31,"column":19}},"loc":{"start":{"line":31,"column":43},"end":{"line":31,"column":71}},"line":31},"8":{"name":"(anonymous_8)","decl":{"start":{"line":31,"column":47},"end":{"line":31,"column":48}},"loc":{"start":{"line":31,"column":54},"end":{"line":31,"column":69}},"line":31},"9":{"name":"(anonymous_9)","decl":{"start":{"line":32,"column":18},"end":{"line":32,"column":19}},"loc":{"start":{"line":32,"column":41},"end":{"line":32,"column":69}},"line":32},"10":{"name":"(anonymous_10)","decl":{"start":{"line":32,"column":45},"end":{"line":32,"column":46}},"loc":{"start":{"line":32,"column":52},"end":{"line":32,"column":67}},"line":32},"11":{"name":"(anonymous_11)","decl":{"start":{"line":33,"column":25},"end":{"line":33,"column":26}},"loc":{"start":{"line":34,"column":4},"end":{"line":39,"column":7}},"line":34},"12":{"name":"(anonymous_12)","decl":{"start":{"line":34,"column":8},"end":{"line":34,"column":9}},"loc":{"start":{"line":34,"column":19},"end":{"line":39,"column":5}},"line":34},"13":{"name":"(anonymous_13)","decl":{"start":{"line":42,"column":34},"end":{"line":42,"column":35}},"loc":{"start":{"line":42,"column":40},"end":{"line":42,"column":65}},"line":42},"14":{"name":"(anonymous_14)","decl":{"start":{"line":44,"column":33},"end":{"line":44,"column":34}},"loc":{"start":{"line":45,"column":2},"end":{"line":45,"column":60}},"line":45},"15":{"name":"(anonymous_15)","decl":{"start":{"line":45,"column":28},"end":{"line":45,"column":29}},"loc":{"start":{"line":45,"column":39},"end":{"line":45,"column":59}},"line":45},"16":{"name":"(anonymous_16)","decl":{"start":{"line":46,"column":30},"end":{"line":46,"column":31}},"loc":{"start":{"line":47,"column":2},"end":{"line":47,"column":60}},"line":47},"17":{"name":"(anonymous_17)","decl":{"start":{"line":47,"column":28},"end":{"line":47,"column":29}},"loc":{"start":{"line":47,"column":39},"end":{"line":47,"column":59}},"line":47},"18":{"name":"(anonymous_18)","decl":{"start":{"line":48,"column":38},"end":{"line":48,"column":39}},"loc":{"start":{"line":49,"column":2},"end":{"line":49,"column":65}},"line":49},"19":{"name":"(anonymous_19)","decl":{"start":{"line":49,"column":28},"end":{"line":49,"column":29}},"loc":{"start":{"line":49,"column":39},"end":{"line":49,"column":64}},"line":49},"20":{"name":"(anonymous_20)","decl":{"start":{"line":51,"column":33},"end":{"line":51,"column":34}},"loc":{"start":{"line":51,"column":39},"end":{"line":57,"column":1}},"line":51},"21":{"name":"(anonymous_21)","decl":{"start":{"line":59,"column":45},"end":{"line":59,"column":46}},"loc":{"start":{"line":59,"column":51},"end":{"line":65,"column":1}},"line":59},"22":{"name":"(anonymous_22)","decl":{"start":{"line":67,"column":23},"end":{"line":67,"column":24}},"loc":{"start":{"line":68,"column":2},"end":{"line":68,"column":57}},"line":68},"23":{"name":"(anonymous_23)","decl":{"start":{"line":68,"column":28},"end":{"line":68,"column":29}},"loc":{"start":{"line":68,"column":39},"end":{"line":68,"column":56}},"line":68},"24":{"name":"(anonymous_24)","decl":{"start":{"line":69,"column":23},"end":{"line":69,"column":24}},"loc":{"start":{"line":70,"column":2},"end":{"line":70,"column":57}},"line":70},"25":{"name":"(anonymous_25)","decl":{"start":{"line":70,"column":28},"end":{"line":70,"column":29}},"loc":{"start":{"line":70,"column":39},"end":{"line":70,"column":56}},"line":70},"26":{"name":"(anonymous_26)","decl":{"start":{"line":71,"column":28},"end":{"line":71,"column":29}},"loc":{"start":{"line":72,"column":2},"end":{"line":72,"column":62}},"line":72},"27":{"name":"(anonymous_27)","decl":{"start":{"line":72,"column":28},"end":{"line":72,"column":29}},"loc":{"start":{"line":72,"column":39},"end":{"line":72,"column":61}},"line":72},"28":{"name":"(anonymous_28)","decl":{"start":{"line":74,"column":22},"end":{"line":74,"column":23}},"loc":{"start":{"line":75,"column":2},"end":{"line":75,"column":56}},"line":75},"29":{"name":"(anonymous_29)","decl":{"start":{"line":75,"column":28},"end":{"line":75,"column":29}},"loc":{"start":{"line":75,"column":39},"end":{"line":75,"column":55}},"line":75},"30":{"name":"(anonymous_30)","decl":{"start":{"line":76,"column":21},"end":{"line":76,"column":22}},"loc":{"start":{"line":77,"column":2},"end":{"line":77,"column":55}},"line":77},"31":{"name":"(anonymous_31)","decl":{"start":{"line":77,"column":28},"end":{"line":77,"column":29}},"loc":{"start":{"line":77,"column":39},"end":{"line":77,"column":54}},"line":77},"32":{"name":"(anonymous_32)","decl":{"start":{"line":78,"column":26},"end":{"line":78,"column":27}},"loc":{"start":{"line":79,"column":2},"end":{"line":79,"column":60}},"line":79},"33":{"name":"(anonymous_33)","decl":{"start":{"line":79,"column":28},"end":{"line":79,"column":29}},"loc":{"start":{"line":79,"column":39},"end":{"line":79,"column":59}},"line":79}},"branchMap":{},"s":{"0":3,"1":3,"2":0,"3":0,"4":0,"5":0,"6":0,"7":0,"8":0,"9":0,"10":0,"11":0,"12":0,"13":0,"14":0,"15":3,"16":0,"17":3,"18":0,"19":0,"20":3,"21":0,"22":0,"23":3,"24":8,"25":23,"26":3,"27":0,"28":0,"29":0,"30":0,"31":0,"32":3,"33":0,"34":0,"35":0,"36":0,"37":3,"38":0,"39":0,"40":3,"41":0,"42":0,"43":3,"44":0,"45":0,"46":3,"47":0,"48":0,"49":3,"50":0,"51":0,"52":3,"53":0,"54":0},"f":{"0":3,"1":0,"2":0,"3":0,"4":0,"5":0,"6":0,"7":0,"8":0,"9":0,"10":0,"11":0,"12":0,"13":0,"14":0,"15":0,"16":0,"17":0,"18":8,"19":23,"20":0,"21":0,"22":0,"23":0,"24":0,"25":0,"26":0,"27":0,"28":0,"29":0,"30":0,"31":0,"32":0,"33":0},"b":{},"_coverageSchema":"1a1c01bbd47fc00a2c39e90264f33305004495a9","hash":"5d882153b02206dcee34edc3c7e3569949b08afc"}
,"/Users/samynalbandian/projects/perso/CatchUp/store/Checkins.store.ts": {"path":"/Users/samynalbandian/projects/perso/CatchUp/store/Checkins.store.ts","statementMap":{"0":{"start":{"line":12,"column":21},"end":{"line":26,"column":3}},"1":{"start":{"line":12,"column":52},"end":{"line":26,"column":1}},"2":{"start":{"line":14,"column":45},"end":{"line":14,"column":62}},"3":{"start":{"line":16,"column":4},"end":{"line":16,"column":64}},"4":{"start":{"line":16,"column":20},"end":{"line":16,"column":62}},"5":{"start":{"line":18,"column":4},"end":{"line":24,"column":7}},"6":{"start":{"line":18,"column":20},"end":{"line":24,"column":5}},"7":{"start":{"line":21,"column":10},"end":{"line":22,"column":59}},"8":{"start":{"line":25,"column":26},"end":{"line":25,"column":47}},"9":{"start":{"line":28,"column":32},"end":{"line":28,"column":60}},"10":{"start":{"line":28,"column":38},"end":{"line":28,"column":60}}},"fnMap":{"0":{"name":"(anonymous_0)","decl":{"start":{"line":12,"column":42},"end":{"line":12,"column":43}},"loc":{"start":{"line":12,"column":52},"end":{"line":26,"column":1}},"line":12},"1":{"name":"(anonymous_1)","decl":{"start":{"line":14,"column":15},"end":{"line":14,"column":16}},"loc":{"start":{"line":14,"column":45},"end":{"line":14,"column":62}},"line":14},"2":{"name":"(anonymous_2)","decl":{"start":{"line":15,"column":14},"end":{"line":15,"column":15}},"loc":{"start":{"line":16,"column":4},"end":{"line":16,"column":64}},"line":16},"3":{"name":"(anonymous_3)","decl":{"start":{"line":16,"column":8},"end":{"line":16,"column":9}},"loc":{"start":{"line":16,"column":20},"end":{"line":16,"column":62}},"line":16},"4":{"name":"(anonymous_4)","decl":{"start":{"line":17,"column":17},"end":{"line":17,"column":18}},"loc":{"start":{"line":18,"column":4},"end":{"line":24,"column":7}},"line":18},"5":{"name":"(anonymous_5)","decl":{"start":{"line":18,"column":8},"end":{"line":18,"column":9}},"loc":{"start":{"line":18,"column":20},"end":{"line":24,"column":5}},"line":18},"6":{"name":"(anonymous_6)","decl":{"start":{"line":20,"column":8},"end":{"line":20,"column":9}},"loc":{"start":{"line":21,"column":10},"end":{"line":22,"column":59}},"line":21},"7":{"name":"(anonymous_7)","decl":{"start":{"line":25,"column":20},"end":{"line":25,"column":21}},"loc":{"start":{"line":25,"column":26},"end":{"line":25,"column":47}},"line":25},"8":{"name":"(anonymous_8)","decl":{"start":{"line":28,"column":32},"end":{"line":28,"column":33}},"loc":{"start":{"line":28,"column":38},"end":{"line":28,"column":60}},"line":28}},"branchMap":{"0":{"loc":{"start":{"line":21,"column":10},"end":{"line":22,"column":59}},"type":"binary-expr","locations":[{"start":{"line":21,"column":10},"end":{"line":21,"column":61}},{"start":{"line":22,"column":10},"end":{"line":22,"column":59}}],"line":21}},"s":{"0":2,"1":2,"2":0,"3":0,"4":0,"5":0,"6":0,"7":0,"8":0,"9":2,"10":0},"f":{"0":2,"1":0,"2":0,"3":0,"4":0,"5":0,"6":0,"7":0,"8":0},"b":{"0":[0,0]},"_coverageSchema":"1a1c01bbd47fc00a2c39e90264f33305004495a9","hash":"c5c61cb622d8f8dd46f926895f12edbfcc9e2cb4"}
,"/Users/samynalbandian/projects/perso/CatchUp/store/Contacts.store.ts": {"path":"/Users/samynalbandian/projects/perso/CatchUp/store/Contacts.store.ts","statementMap":{"0":{"start":{"line":12,"column":22},"end":{"line":24,"column":3}},"1":{"start":{"line":12,"column":54},"end":{"line":24,"column":1}},"2":{"start":{"line":14,"column":45},"end":{"line":14,"column":62}},"3":{"start":{"line":16,"column":4},"end":{"line":16,"column":64}},"4":{"start":{"line":16,"column":20},"end":{"line":16,"column":62}},"5":{"start":{"line":18,"column":4},"end":{"line":22,"column":7}},"6":{"start":{"line":18,"column":20},"end":{"line":22,"column":5}},"7":{"start":{"line":20,"column":35},"end":{"line":20,"column":68}},"8":{"start":{"line":23,"column":26},"end":{"line":23,"column":47}},"9":{"start":{"line":26,"column":32},"end":{"line":26,"column":61}},"10":{"start":{"line":26,"column":38},"end":{"line":26,"column":61}}},"fnMap":{"0":{"name":"(anonymous_0)","decl":{"start":{"line":12,"column":44},"end":{"line":12,"column":45}},"loc":{"start":{"line":12,"column":54},"end":{"line":24,"column":1}},"line":12},"1":{"name":"(anonymous_1)","decl":{"start":{"line":14,"column":15},"end":{"line":14,"column":16}},"loc":{"start":{"line":14,"column":45},"end":{"line":14,"column":62}},"line":14},"2":{"name":"(anonymous_2)","decl":{"start":{"line":15,"column":14},"end":{"line":15,"column":15}},"loc":{"start":{"line":16,"column":4},"end":{"line":16,"column":64}},"line":16},"3":{"name":"(anonymous_3)","decl":{"start":{"line":16,"column":8},"end":{"line":16,"column":9}},"loc":{"start":{"line":16,"column":20},"end":{"line":16,"column":62}},"line":16},"4":{"name":"(anonymous_4)","decl":{"start":{"line":17,"column":17},"end":{"line":17,"column":18}},"loc":{"start":{"line":18,"column":4},"end":{"line":22,"column":7}},"line":18},"5":{"name":"(anonymous_5)","decl":{"start":{"line":18,"column":8},"end":{"line":18,"column":9}},"loc":{"start":{"line":18,"column":20},"end":{"line":22,"column":5}},"line":18},"6":{"name":"(anonymous_6)","decl":{"start":{"line":20,"column":8},"end":{"line":20,"column":9}},"loc":{"start":{"line":20,"column":35},"end":{"line":20,"column":68}},"line":20},"7":{"name":"(anonymous_7)","decl":{"start":{"line":23,"column":20},"end":{"line":23,"column":21}},"loc":{"start":{"line":23,"column":26},"end":{"line":23,"column":47}},"line":23},"8":{"name":"(anonymous_8)","decl":{"start":{"line":26,"column":32},"end":{"line":26,"column":33}},"loc":{"start":{"line":26,"column":38},"end":{"line":26,"column":61}},"line":26}},"branchMap":{},"s":{"0":3,"1":3,"2":0,"3":0,"4":0,"5":0,"6":0,"7":0,"8":0,"9":3,"10":5},"f":{"0":3,"1":0,"2":0,"3":0,"4":0,"5":0,"6":0,"7":0,"8":5},"b":{},"_coverageSchema":"1a1c01bbd47fc00a2c39e90264f33305004495a9","hash":"5c2bb6f3a2c91d3e2d65d744520005a5c8318750"}
,"/Users/samynalbandian/projects/perso/CatchUp/store/NewFriend.store.ts": {"path":"/Users/samynalbandian/projects/perso/CatchUp/store/NewFriend.store.ts","statementMap":{"0":{"start":{"line":18,"column":23},"end":{"line":44,"column":3}},"1":{"start":{"line":18,"column":56},"end":{"line":44,"column":1}},"2":{"start":{"line":21,"column":4},"end":{"line":28,"column":7}},"3":{"start":{"line":31,"column":43},"end":{"line":31,"column":67}},"4":{"start":{"line":33,"column":49},"end":{"line":33,"column":76}},"5":{"start":{"line":36,"column":4},"end":{"line":36,"column":60}},"6":{"start":{"line":38,"column":4},"end":{"line":43,"column":6}},"7":{"start":{"line":46,"column":33},"end":{"line":46,"column":63}},"8":{"start":{"line":46,"column":39},"end":{"line":46,"column":63}}},"fnMap":{"0":{"name":"(anonymous_0)","decl":{"start":{"line":18,"column":46},"end":{"line":18,"column":47}},"loc":{"start":{"line":18,"column":56},"end":{"line":44,"column":1}},"line":18},"1":{"name":"(anonymous_1)","decl":{"start":{"line":20,"column":14},"end":{"line":20,"column":15}},"loc":{"start":{"line":20,"column":27},"end":{"line":29,"column":3}},"line":20},"2":{"name":"(anonymous_2)","decl":{"start":{"line":31,"column":22},"end":{"line":31,"column":23}},"loc":{"start":{"line":31,"column":43},"end":{"line":31,"column":67}},"line":31},"3":{"name":"(anonymous_3)","decl":{"start":{"line":33,"column":25},"end":{"line":33,"column":26}},"loc":{"start":{"line":33,"column":49},"end":{"line":33,"column":76}},"line":33},"4":{"name":"(anonymous_4)","decl":{"start":{"line":35,"column":24},"end":{"line":35,"column":25}},"loc":{"start":{"line":36,"column":4},"end":{"line":36,"column":60}},"line":36},"5":{"name":"(anonymous_5)","decl":{"start":{"line":37,"column":9},"end":{"line":37,"column":10}},"loc":{"start":{"line":38,"column":4},"end":{"line":43,"column":6}},"line":38},"6":{"name":"(anonymous_6)","decl":{"start":{"line":46,"column":33},"end":{"line":46,"column":34}},"loc":{"start":{"line":46,"column":39},"end":{"line":46,"column":63}},"line":46}},"branchMap":{"0":{"loc":{"start":{"line":23,"column":23},"end":{"line":25,"column":14}},"type":"cond-expr","locations":[{"start":{"line":24,"column":10},"end":{"line":24,"column":60}},{"start":{"line":25,"column":10},"end":{"line":25,"column":14}}],"line":23},"1":{"loc":{"start":{"line":36,"column":29},"end":{"line":36,"column":57}},"type":"binary-expr","locations":[{"start":{"line":36,"column":29},"end":{"line":36,"column":46}},{"start":{"line":36,"column":50},"end":{"line":36,"column":57}}],"line":36}},"s":{"0":1,"1":1,"2":0,"3":0,"4":0,"5":0,"6":0,"7":1,"8":0},"f":{"0":1,"1":0,"2":0,"3":0,"4":0,"5":0,"6":0},"b":{"0":[0,0],"1":[0,0]},"_coverageSchema":"1a1c01bbd47fc00a2c39e90264f33305004495a9","hash":"b38b530c699bb03887c8cf778c60c20d2faef495"}
}
